[2025-12-03 19:28:31.363] event=init feature=focus
[2025-12-03 19:28:31.365] event=sample feature=focus meter=1.000 threshold=0.200
[2025-12-03 19:28:31.365] event=start feature=focus
[2025-12-03 19:28:32.370] event=sample feature=focus meter=0.980 threshold=0.200
[2025-12-03 19:28:33.375] event=sample feature=focus meter=0.960 threshold=0.200
[2025-12-03 19:28:34.379] event=sample feature=focus meter=0.940 threshold=0.200
[2025-12-03 19:28:35.383] event=sample feature=focus meter=0.920 threshold=0.200
[2025-12-03 19:28:36.387] event=sample feature=focus meter=0.900 threshold=0.200
[2025-12-03 19:28:37.393] event=sample feature=focus meter=0.879 threshold=0.200
[2025-12-03 19:28:38.398] event=sample feature=focus meter=0.859 threshold=0.200
[2025-12-03 19:28:39.403] event=sample feature=focus meter=0.839 threshold=0.200
[2025-12-03 19:28:40.408] event=sample feature=focus meter=0.819 threshold=0.200
[2025-12-03 19:28:41.412] event=sample feature=focus meter=0.799 threshold=0.200
[2025-12-03 19:28:42.424] event=sample feature=focus meter=0.779 threshold=0.200
[2025-12-03 19:28:43.429] event=sample feature=focus meter=0.759 threshold=0.200
[2025-12-03 19:28:44.434] event=sample feature=focus meter=0.739 threshold=0.200
[2025-12-03 19:28:45.436] event=sample feature=focus meter=0.719 threshold=0.200
[2025-12-03 19:28:46.441] event=sample feature=focus meter=0.698 threshold=0.200
[2025-12-03 19:28:47.444] event=sample feature=focus meter=0.678 threshold=0.200
[2025-12-03 19:28:48.448] event=sample feature=focus meter=0.658 threshold=0.200
[2025-12-03 19:28:49.453] event=sample feature=focus meter=0.638 threshold=0.200
[2025-12-03 19:28:50.457] event=sample feature=focus meter=0.618 threshold=0.200
[2025-12-03 19:28:51.463] event=sample feature=focus meter=0.598 threshold=0.200
[2025-12-03 19:28:52.469] event=sample feature=focus meter=0.578 threshold=0.200
[2025-12-03 19:28:53.474] event=sample feature=focus meter=0.558 threshold=0.200
[2025-12-03 19:28:54.481] event=sample feature=focus meter=0.538 threshold=0.200
[2025-12-03 19:28:55.487] event=sample feature=focus meter=0.518 threshold=0.200
[2025-12-03 19:28:56.493] event=sample feature=focus meter=0.497 threshold=0.200
[2025-12-03 19:28:57.497] event=sample feature=focus meter=0.477 threshold=0.200
[2025-12-03 19:28:58.504] event=sample feature=focus meter=0.457 threshold=0.200
[2025-12-03 19:28:59.510] event=sample feature=focus meter=0.437 threshold=0.200
[2025-12-03 19:29:00.515] event=sample feature=focus meter=0.417 threshold=0.200
[2025-12-03 19:29:01.520] event=sample feature=focus meter=0.397 threshold=0.200
[2025-12-03 19:29:02.525] event=sample feature=focus meter=0.377 threshold=0.200
[2025-12-03 19:29:03.530] event=sample feature=focus meter=0.357 threshold=0.200
[2025-12-03 19:29:04.536] event=sample feature=focus meter=0.337 threshold=0.200
[2025-12-03 19:29:05.542] event=sample feature=focus meter=0.316 threshold=0.200
[2025-12-03 19:29:06.547] event=sample feature=focus meter=0.296 threshold=0.200
[2025-12-03 19:29:07.552] event=sample feature=focus meter=0.276 threshold=0.200
[2025-12-03 19:29:08.558] event=sample feature=focus meter=0.256 threshold=0.200
[2025-12-03 19:29:09.563] event=sample feature=focus meter=0.236 threshold=0.200
[2025-12-03 19:29:10.570] event=sample feature=focus meter=0.216 threshold=0.200
[2025-12-03 19:29:11.374] event=shock feature=focus meter=0.200 threshold=0.200 strength=20.0
[2025-12-03 19:29:11.575] event=sample feature=focus meter=0.196 threshold=0.200
[2025-12-03 19:29:12.579] event=sample feature=focus meter=0.176 threshold=0.200
[2025-12-03 19:29:13.584] event=sample feature=focus meter=0.156 threshold=0.200
[2025-12-03 19:29:14.589] event=sample feature=focus meter=0.136 threshold=0.200
[2025-12-03 19:29:15.595] event=sample feature=focus meter=0.115 threshold=0.200
[2025-12-03 19:29:16.399] event=shock feature=focus meter=0.099 threshold=0.200 strength=40
[2025-12-03 19:29:16.600] event=sample feature=focus meter=0.095 threshold=0.200
[2025-12-03 19:29:17.603] event=sample feature=focus meter=0.075 threshold=0.200
[2025-12-03 19:29:18.609] event=sample feature=focus meter=0.055 threshold=0.200
[2025-12-03 19:29:19.614] event=sample feature=focus meter=0.035 threshold=0.200
[2025-12-03 19:29:20.618] event=sample feature=focus meter=0.015 threshold=0.200
[2025-12-03 19:29:21.422] event=shock feature=focus meter=0.000 threshold=0.200 strength=80.0
[2025-12-03 19:29:21.623] event=sample feature=focus meter=0.000 threshold=0.200
[2025-12-03 19:29:22.627] event=sample feature=focus meter=0.000 threshold=0.200
[2025-12-03 19:29:23.632] event=sample feature=focus meter=0.000 threshold=0.200
[2025-12-03 19:29:24.637] event=sample feature=focus meter=0.000 threshold=0.200
[2025-12-03 19:29:25.641] event=sample feature=focus meter=0.000 threshold=0.200
[2025-12-03 19:29:26.444] event=shock feature=focus meter=0.000 threshold=0.200 strength=80.0
[2025-12-03 19:29:26.646] event=sample feature=focus meter=0.000 threshold=0.200
[2025-12-03 19:29:27.180] event=stop feature=focus
