[2025-12-03 19:28:21.276] OSC listener started on 127.0.0.1:9001
[2025-12-03 19:28:57.189] /avatar/change -> 'avtr_3fad288a-5bb3-49af-94ae-def4d0dcf79b'
[2025-12-03 19:28:57.191] /avatar/parameters/TrackingType -> 2
[2025-12-03 19:28:57.212] /avatar/parameters/TrackingType -> 3
[2025-12-03 19:28:57.219] /avatar/parameters/ScaleFactor -> 0.508229672908783
[2025-12-03 19:28:57.219] /avatar/parameters/ScaleFactorInverse -> 1.9676144123077393
[2025-12-03 19:28:57.220] /avatar/parameters/EyeHeightAsPercent -> 0.17423975467681885
[2025-12-03 19:28:57.220] /avatar/parameters/EyeHeightAsMeters -> 1.0363508462905884
[2025-12-03 19:28:58.857] /avatar/parameters/AngularY -> 8.0
[2025-12-03 19:28:58.869] /avatar/parameters/AngularY -> 104.0
[2025-12-03 19:28:58.906] /avatar/parameters/AngularY -> 168.0
[2025-12-03 19:28:58.924] /avatar/parameters/AngularY -> 216.0
[2025-12-03 19:28:58.936] /avatar/parameters/AngularY -> 320.0
[2025-12-03 19:28:58.954] /avatar/parameters/AngularY -> 248.0
[2025-12-03 19:28:58.972] /avatar/parameters/AngularY -> 328.0
[2025-12-03 19:28:58.991] /avatar/parameters/AngularY -> 280.0
[2025-12-03 19:28:59.003] /avatar/parameters/AngularY -> 216.0
[2025-12-03 19:28:59.021] /avatar/parameters/AngularY -> 120.0
[2025-12-03 19:28:59.039] /avatar/parameters/AngularY -> 104.0
[2025-12-03 19:28:59.057] /avatar/parameters/AngularY -> 8.0
[2025-12-03 19:28:59.070] /avatar/parameters/AngularY -> 0.0
[2025-12-03 19:28:59.106] /avatar/parameters/AngularY -> -64.0
[2025-12-03 19:28:59.118] /avatar/parameters/AngularY -> -112.0
[2025-12-03 19:28:59.137] /avatar/parameters/AngularY -> -104.0
[2025-12-03 19:28:59.155] /avatar/parameters/AngularY -> -224.0
[2025-12-03 19:28:59.173] /avatar/parameters/AngularY -> -304.0
[2025-12-03 19:28:59.185] /avatar/parameters/AngularY -> -344.0
[2025-12-03 19:28:59.203] /avatar/parameters/AngularY -> -248.0
[2025-12-03 19:28:59.222] /avatar/parameters/AngularY -> -296.0
[2025-12-03 19:28:59.240] /avatar/parameters/AngularY -> -208.0
[2025-12-03 19:28:59.252] /avatar/parameters/AngularY -> -128.0
[2025-12-03 19:28:59.271] /avatar/parameters/AngularY -> -56.0
[2025-12-03 19:28:59.308] /avatar/parameters/AngularY -> -40.0
[2025-12-03 19:28:59.320] /avatar/parameters/AngularY -> -16.0
[2025-12-03 19:28:59.337] /avatar/parameters/AngularY -> 0.0
[2025-12-03 19:28:59.356] /avatar/parameters/AngularY -> -8.0
[2025-12-03 19:28:59.373] /avatar/parameters/AngularY -> 0.0
[2025-12-03 19:28:59.420] /avatar/parameters/AngularY -> -48.0
[2025-12-03 19:28:59.439] /avatar/parameters/AngularY -> -24.0
[2025-12-03 19:28:59.453] /avatar/parameters/AngularY -> -40.0
[2025-12-03 19:28:59.490] /avatar/parameters/AngularY -> -56.0
[2025-12-03 19:28:59.501] /avatar/parameters/AngularY -> -24.0
[2025-12-03 19:28:59.520] /avatar/parameters/AngularY -> 0.0
[2025-12-03 19:28:59.557] /avatar/parameters/VelocityX -> -3.5762786865234375e-07
[2025-12-03 19:28:59.557] /avatar/parameters/VelocityZ -> 0.06060799956321716
[2025-12-03 19:28:59.558] /avatar/parameters/VelocityMagnitude -> 3.0
[2025-12-03 19:28:59.562] /avatar/parameters/VelocityZ -> 0.12120900303125381
[2025-12-03 19:28:59.569] /avatar/parameters/VelocityZ -> 0.18181899189949036
[2025-12-03 19:28:59.575] /avatar/parameters/VelocityZ -> 0.24612799286842346
[2025-12-03 19:28:59.580] /avatar/parameters/VelocityZ -> 0.30673298239707947
[2025-12-03 19:28:59.588] /avatar/parameters/VelocityZ -> 0.36735597252845764
[2025-12-03 19:28:59.593] /avatar/parameters/VelocityZ -> 0.4279639720916748
[2025-12-03 19:28:59.599] /avatar/parameters/VelocityZ -> 0.48856496810913086
[2025-12-03 19:28:59.606] /avatar/parameters/VelocityZ -> 0.549170970916748
[2025-12-03 19:28:59.611] /avatar/parameters/VelocityZ -> 0.6097859740257263
[2025-12-03 19:28:59.617] /avatar/parameters/VelocityZ -> 0.6703909635543823
[2025-12-03 19:28:59.623] /avatar/parameters/VelocityZ -> 0.7310029864311218
[2025-12-03 19:28:59.629] /avatar/parameters/VelocityZ -> 0.7916020154953003
[2025-12-03 19:28:59.636] /avatar/parameters/VelocityZ -> 0.8522130250930786
[2025-12-03 19:28:59.642] /avatar/parameters/VelocityZ -> 0.9128130078315735
[2025-12-03 19:28:59.647] /avatar/parameters/VelocityZ -> 0.9734280109405518
[2025-12-03 19:28:59.654] /avatar/parameters/VelocityX -> 0.005236506462097168
[2025-12-03 19:28:59.654] /avatar/parameters/VelocityZ -> 1.0340299606323242
[2025-12-03 19:28:59.660] /avatar/parameters/VelocityZ -> 1.0946439504623413
[2025-12-03 19:28:59.665] /avatar/parameters/VelocityZ -> 1.1552499532699585
[2025-12-03 19:28:59.673] /avatar/parameters/VelocityX -> 0.010472297668457031
[2025-12-03 19:28:59.673] /avatar/parameters/VelocityZ -> 1.2188630104064941
[2025-12-03 19:28:59.674] /avatar/parameters/AngularY -> -8.0
[2025-12-03 19:28:59.678] /avatar/parameters/VelocityZ -> 1.2794699668884277
[2025-12-03 19:28:59.685] /avatar/parameters/VelocityZ -> 1.3439480066299438
[2025-12-03 19:28:59.691] /avatar/parameters/VelocityX -> -3.5762786865234375e-07
[2025-12-03 19:28:59.692] /avatar/parameters/VelocityZ -> 1.4045610427856445
[2025-12-03 19:28:59.696] /avatar/parameters/VelocityZ -> 1.4651650190353394
[2025-12-03 19:28:59.703] /avatar/parameters/VelocityX -> 0.00523531436920166
[2025-12-03 19:28:59.704] /avatar/parameters/VelocityZ -> 1.525773048400879
[2025-12-03 19:28:59.704] /avatar/parameters/AngularY -> 0.0
[2025-12-03 19:28:59.709] /avatar/parameters/VelocityZ -> 1.5863749980926514
[2025-12-03 19:28:59.715] /avatar/parameters/VelocityZ -> 1.646981954574585
[2025-12-03 19:28:59.722] /avatar/parameters/VelocityX -> -1.1920928955078125e-07
[2025-12-03 19:28:59.722] /avatar/parameters/VelocityZ -> 1.7075968980789185
[2025-12-03 19:28:59.723] /avatar/parameters/AngularY -> -8.0
[2025-12-03 19:28:59.727] /avatar/parameters/VelocityZ -> 1.7681978940963745
[2025-12-03 19:28:59.733] /avatar/parameters/VelocityZ -> 1.828812837600708
[2025-12-03 19:28:59.740] /avatar/parameters/VelocityX -> 3.5762786865234375e-07
[2025-12-03 19:28:59.741] /avatar/parameters/VelocityZ -> 1.8894178867340088
[2025-12-03 19:28:59.741] /avatar/parameters/AngularY -> 0.0
[2025-12-03 19:28:59.746] /avatar/parameters/VelocityZ -> 1.9500229358673096
[2025-12-03 19:28:59.752] /avatar/parameters/VelocityX -> -0.0052356719970703125
[2025-12-03 19:28:59.753] /avatar/parameters/VelocityZ -> 2.014543056488037
[2025-12-03 19:28:59.757] /avatar/parameters/VelocityZ -> 2.075162172317505
[2025-12-03 19:28:59.763] /avatar/parameters/VelocityZ -> 2.1357641220092773
[2025-12-03 19:28:59.770] /avatar/parameters/VelocityX -> -0.02094435691833496
[2025-12-03 19:28:59.770] /avatar/parameters/VelocityZ -> 2.196371078491211
[2025-12-03 19:28:59.771] /avatar/parameters/AngularY -> 8.0
[2025-12-03 19:28:59.775] /avatar/parameters/VelocityZ -> 2.2569780349731445
[2025-12-03 19:28:59.781] /avatar/parameters/VelocityZ -> 2.3175899982452393
[2025-12-03 19:28:59.788] /avatar/parameters/VelocityX -> -0.031415581703186035
[2025-12-03 19:28:59.789] /avatar/parameters/VelocityZ -> 2.378192901611328
[2025-12-03 19:28:59.789] /avatar/parameters/AngularY -> 24.0
[2025-12-03 19:28:59.794] /avatar/parameters/VelocityZ -> 2.4387969970703125
[2025-12-03 19:28:59.801] /avatar/parameters/VelocityZ -> 2.4994120597839355
[2025-12-03 19:28:59.807] /avatar/parameters/VelocityX -> -0.020943760871887207
[2025-12-03 19:28:59.807] /avatar/parameters/VelocityZ -> 2.5600199699401855
[2025-12-03 19:28:59.808] /avatar/parameters/AngularY -> 40.0
[2025-12-03 19:28:59.812] /avatar/parameters/VelocityZ -> 2.620629072189331
[2025-12-03 19:28:59.819] /avatar/parameters/VelocityX -> -0.010472774505615234
[2025-12-03 19:28:59.819] /avatar/parameters/VelocityZ -> 2.6812400817871094
[2025-12-03 19:28:59.820] /avatar/parameters/AngularY -> 24.0
[2025-12-03 19:28:59.825] /avatar/parameters/VelocityZ -> 2.741842031478882
[2025-12-03 19:28:59.830] /avatar/parameters/VelocityZ -> 2.8024561405181885
[2025-12-03 19:28:59.847] /avatar/parameters/VelocityX -> -0.015708565711975098
[2025-12-03 19:28:59.847] /avatar/parameters/VelocityZ -> 2.8630621433258057
[2025-12-03 19:28:59.847] /avatar/parameters/AngularY -> 8.0
[2025-12-03 19:28:59.853] /avatar/parameters/VelocityX -> -0.010471224784851074
[2025-12-03 19:28:59.853] /avatar/parameters/VelocityZ -> 2.9999823570251465
[2025-12-03 19:28:59.854] /avatar/parameters/AngularY -> 16.0
[2025-12-03 19:28:59.871] /avatar/parameters/VelocityX -> -0.031415581703186035
[2025-12-03 19:28:59.872] /avatar/parameters/VelocityZ -> 2.9998364448547363
[2025-12-03 19:28:59.872] /avatar/parameters/AngularY -> 8.0
[2025-12-03 19:28:59.889] /avatar/parameters/VelocityX -> -0.03141510486602783
[2025-12-03 19:28:59.890] /avatar/parameters/AngularY -> 40.0
[2025-12-03 19:28:59.907] /avatar/parameters/VelocityX -> -0.04188704490661621
[2025-12-03 19:28:59.908] /avatar/parameters/VelocityZ -> 2.9997081756591797
[2025-12-03 19:28:59.919] /avatar/parameters/VelocityX -> -0.015708208084106445
[2025-12-03 19:28:59.920] /avatar/parameters/VelocityZ -> 2.9999589920043945
[2025-12-03 19:28:59.920] /avatar/parameters/AngularY -> 48.0
[2025-12-03 19:28:59.938] /avatar/parameters/VelocityX -> -0.005234837532043457
[2025-12-03 19:28:59.938] /avatar/parameters/VelocityZ -> 2.999995708465576
[2025-12-03 19:28:59.939] /avatar/parameters/AngularY -> 16.0
[2025-12-03 19:28:59.956] /avatar/parameters/VelocityX -> -2.384185791015625e-07
[2025-12-03 19:28:59.956] /avatar/parameters/VelocityZ -> 3.000000476837158
[2025-12-03 19:28:59.956] /avatar/parameters/AngularY -> 8.0
[2025-12-03 19:28:59.974] /avatar/parameters/AngularY -> 0.0
[2025-12-03 19:29:00.023] /avatar/parameters/VelocityX -> 0.0
[2025-12-03 19:29:00.023] /avatar/parameters/VelocityZ -> 2.8800954818725586
[2025-12-03 19:29:00.023] /avatar/parameters/VelocityMagnitude -> 0.0
[2025-12-03 19:29:00.029] /avatar/parameters/VelocityZ -> 2.8194775581359863
[2025-12-03 19:29:00.034] /avatar/parameters/VelocityZ -> 2.7588765621185303
[2025-12-03 19:29:00.041] /avatar/parameters/VelocityZ -> 2.698263645172119
[2025-12-03 19:29:00.046] /avatar/parameters/VelocityZ -> 2.6376636028289795
[2025-12-03 19:29:00.053] /avatar/parameters/VelocityZ -> 2.573798656463623
[2025-12-03 19:29:00.059] /avatar/parameters/VelocityZ -> 2.5132007598876953
[2025-12-03 19:29:00.065] /avatar/parameters/VelocityZ -> 2.4525928497314453
[2025-12-03 19:29:00.071] /avatar/parameters/VelocityZ -> 2.3919858932495117
[2025-12-03 19:29:00.077] /avatar/parameters/VelocityZ -> 2.331373929977417
[2025-12-03 19:29:00.083] /avatar/parameters/VelocityZ -> 2.2707698345184326
[2025-12-03 19:29:00.089] /avatar/parameters/VelocityZ -> 2.210157871246338
[2025-12-03 19:29:00.095] /avatar/parameters/VelocityZ -> 2.1495518684387207
[2025-12-03 19:29:00.101] /avatar/parameters/VelocityZ -> 2.088944911956787
[2025-12-03 19:29:00.108] /avatar/parameters/VelocityZ -> 2.0283279418945312
[2025-12-03 19:29:00.113] /avatar/parameters/VelocityZ -> 1.9677239656448364
[2025-12-03 19:29:00.119] /avatar/parameters/VelocityZ -> 1.9071120023727417
[2025-12-03 19:29:00.125] /avatar/parameters/VelocityZ -> 1.846505045890808
[2025-12-03 19:29:00.131] /avatar/parameters/VelocityZ -> 1.7859010696411133
[2025-12-03 19:29:00.138] /avatar/parameters/VelocityZ -> 1.725290060043335
[2025-12-03 19:29:00.144] /avatar/parameters/VelocityZ -> 1.6646900177001953
[2025-12-03 19:29:00.150] /avatar/parameters/VelocityZ -> 1.6040760278701782
[2025-12-03 19:29:00.157] /avatar/parameters/VelocityZ -> 1.5434750318527222
[2025-12-03 19:29:00.162] /avatar/parameters/VelocityZ -> 1.4828699827194214
[2025-12-03 19:29:00.168] /avatar/parameters/VelocityZ -> 1.4222530126571655
[2025-12-03 19:29:00.175] /avatar/parameters/VelocityZ -> 1.361644983291626
[2025-12-03 19:29:00.175] /avatar/parameters/AngularY -> -16.0
[2025-12-03 19:29:00.180] /avatar/parameters/VelocityZ -> 1.30104398727417
[2025-12-03 19:29:00.186] /avatar/parameters/VelocityZ -> 1.2404329776763916
[2025-12-03 19:29:00.187] /avatar/parameters/AngularY -> -8.0
[2025-12-03 19:29:00.192] /avatar/parameters/VelocityZ -> 1.1798279285430908
[2025-12-03 19:29:00.199] /avatar/parameters/VelocityZ -> 1.119215965270996
[2025-12-03 19:29:00.204] /avatar/parameters/VelocityZ -> 1.0586049556732178
[2025-12-03 19:29:00.205] /avatar/parameters/AngularY -> 0.0
[2025-12-03 19:29:00.210] /avatar/parameters/VelocityZ -> 0.9979929327964783
[2025-12-03 19:29:00.216] /avatar/parameters/VelocityZ -> 0.9373929500579834
[2025-12-03 19:29:00.223] /avatar/parameters/VelocityZ -> 0.8767869472503662
[2025-12-03 19:29:00.229] /avatar/parameters/VelocityZ -> 0.8161819577217102
[2025-12-03 19:29:00.235] /avatar/parameters/VelocityZ -> 0.7555719614028931
[2025-12-03 19:29:00.241] /avatar/parameters/VelocityZ -> 0.6949559450149536
[2025-12-03 19:29:00.247] /avatar/parameters/VelocityZ -> 0.6343589425086975
[2025-12-03 19:29:00.253] /avatar/parameters/VelocityZ -> 0.5737449526786804
[2025-12-03 19:29:00.259] /avatar/parameters/VelocityZ -> 0.513137936592102
[2025-12-03 19:29:00.265] /avatar/parameters/VelocityZ -> 0.45069193840026855
[2025-12-03 19:29:00.271] /avatar/parameters/VelocityZ -> 0.39010292291641235
[2025-12-03 19:29:00.277] /avatar/parameters/VelocityZ -> 0.329493910074234
[2025-12-03 19:29:00.284] /avatar/parameters/VelocityZ -> 0.265193909406662
[2025-12-03 19:29:00.290] /avatar/parameters/VelocityZ -> 0.20459291338920593
[2025-12-03 19:29:00.296] /avatar/parameters/VelocityZ -> 0.14398391544818878
[2025-12-03 19:29:00.303] /avatar/parameters/VelocityZ -> 0.08337191492319107
[2025-12-03 19:29:00.303] /avatar/parameters/AngularY -> 8.0
[2025-12-03 19:29:00.308] /avatar/parameters/VelocityZ -> 0.02276291325688362
[2025-12-03 19:29:00.314] /avatar/parameters/VelocityZ -> 0.0
[2025-12-03 19:29:00.321] /avatar/parameters/AngularY -> 0.0
[2025-12-03 19:29:00.339] /avatar/parameters/VelocityX -> 0.0052367448806762695
[2025-12-03 19:29:00.339] /avatar/parameters/VelocityZ -> -0.06061699986457825
[2025-12-03 19:29:00.339] /avatar/parameters/VelocityMagnitude -> 2.999999761581421
[2025-12-03 19:29:00.344] /avatar/parameters/VelocityZ -> -0.12122400104999542
[2025-12-03 19:29:00.350] /avatar/parameters/VelocityZ -> -0.18182501196861267
[2025-12-03 19:29:00.357] /avatar/parameters/VelocityX -> 0.005235433578491211
[2025-12-03 19:29:00.357] /avatar/parameters/VelocityZ -> -0.2424360066652298
[2025-12-03 19:29:00.357] /avatar/parameters/AngularY -> 8.0
[2025-12-03 19:29:00.362] /avatar/parameters/VelocityZ -> -0.303043007850647
[2025-12-03 19:29:00.368] /avatar/parameters/VelocityX -> 2.384185791015625e-07
[2025-12-03 19:29:00.369] /avatar/parameters/VelocityZ -> -0.3636520206928253
[2025-12-03 19:29:00.374] /avatar/parameters/VelocityZ -> -0.42426201701164246
[2025-12-03 19:29:00.380] /avatar/parameters/VelocityZ -> -0.48487401008605957
[2025-12-03 19:29:00.388] /avatar/parameters/VelocityX -> 0.005236148834228516
[2025-12-03 19:29:00.388] /avatar/parameters/VelocityZ -> -0.5454720258712769
[2025-12-03 19:29:00.388] /avatar/parameters/AngularY -> 0.0
[2025-12-03 19:29:00.393] /avatar/parameters/VelocityZ -> -0.6060830354690552
[2025-12-03 19:29:00.399] /avatar/parameters/VelocityZ -> -0.6666890382766724
[2025-12-03 19:29:00.405] /avatar/parameters/VelocityX -> -1.1920928955078125e-07
[2025-12-03 19:29:00.406] /avatar/parameters/VelocityZ -> -0.7272980213165283
[2025-12-03 19:29:00.406] /avatar/parameters/AngularY -> 8.0
[2025-12-03 19:29:00.411] /avatar/parameters/VelocityZ -> -0.7879010438919067
[2025-12-03 19:29:00.421] /avatar/parameters/VelocityZ -> -0.8485130667686462
[2025-12-03 19:29:00.449] /avatar/parameters/VelocityX -> 9.5367431640625e-07
[2025-12-03 19:29:00.449] /avatar/parameters/VelocityZ -> -0.9465610980987549
[2025-12-03 19:29:00.450] /avatar/parameters/AngularY -> 0.0
[2025-12-03 19:29:00.463] /avatar/parameters/VelocityX -> 7.152557373046875e-07
[2025-12-03 19:29:00.464] /avatar/parameters/VelocityZ -> -1.2781460285186768
[2025-12-03 19:29:00.478] /avatar/parameters/VelocityX -> 0.03141593933105469
[2025-12-03 19:29:00.478] /avatar/parameters/VelocityZ -> -1.4482860565185547
[2025-12-03 19:29:00.483] /avatar/parameters/VelocityZ -> -1.505053997039795
[2025-12-03 19:29:00.489] /avatar/parameters/VelocityX -> 0.0052367448806762695
[2025-12-03 19:29:00.489] /avatar/parameters/VelocityZ -> -1.5656720399856567
[2025-12-03 19:29:00.489] /avatar/parameters/AngularY -> 40.0
[2025-12-03 19:29:00.494] /avatar/parameters/VelocityZ -> -1.6262810230255127
[2025-12-03 19:29:00.501] /avatar/parameters/VelocityZ -> -1.6868840456008911
[2025-12-03 19:29:00.507] /avatar/parameters/VelocityX -> 0.0
[2025-12-03 19:29:00.508] /avatar/parameters/VelocityZ -> -1.7474939823150635
[2025-12-03 19:29:00.508] /avatar/parameters/AngularY -> 8.0
[2025-12-03 19:29:00.515] /avatar/parameters/VelocityZ -> -1.808095932006836
[2025-12-03 19:29:00.525] /avatar/parameters/VelocityZ -> -1.8879019021987915
[2025-12-03 19:29:00.526] /avatar/parameters/AngularY -> 0.0
[2025-12-03 19:29:00.532] /avatar/parameters/VelocityZ -> -2.0002498626708984
[2025-12-03 19:29:00.539] /avatar/parameters/VelocityZ -> -2.060851812362671
[2025-12-03 19:29:00.544] /avatar/parameters/VelocityZ -> -2.121461868286133
[2025-12-03 19:29:00.551] /avatar/parameters/VelocityZ -> -2.1858158111572266
[2025-12-03 19:29:00.557] /avatar/parameters/VelocityZ -> -2.2464277744293213
[2025-12-03 19:29:00.563] /avatar/parameters/VelocityZ -> -2.3070318698883057
[2025-12-03 19:29:00.569] /avatar/parameters/VelocityZ -> -2.367644786834717
[2025-12-03 19:29:00.575] /avatar/parameters/VelocityZ -> -2.4282517433166504
[2025-12-03 19:29:00.581] /avatar/parameters/VelocityZ -> -2.488858699798584
[2025-12-03 19:29:00.588] /avatar/parameters/VelocityZ -> -2.4243016242980957
[2025-12-03 19:29:00.588] /avatar/parameters/VelocityMagnitude -> 0.0
[2025-12-03 19:29:00.594] /avatar/parameters/VelocityZ -> -2.363691568374634
[2025-12-03 19:29:00.599] /avatar/parameters/VelocityZ -> -2.3030846118927
[2025-12-03 19:29:00.606] /avatar/parameters/VelocityZ -> -2.2360305786132812
[2025-12-03 19:29:00.616] /avatar/parameters/VelocityZ -> -2.1385905742645264
[2025-12-03 19:29:00.622] /avatar/parameters/VelocityZ -> -2.077972650527954
[2025-12-03 19:29:00.628] /avatar/parameters/VelocityZ -> -2.0173726081848145
[2025-12-03 19:29:00.635] /avatar/parameters/VelocityZ -> -1.9522866010665894
[2025-12-03 19:29:00.641] /avatar/parameters/VelocityZ -> -1.891684651374817
[2025-12-03 19:29:00.646] /avatar/parameters/VelocityZ -> -1.8310736417770386
[2025-12-03 19:29:00.653] /avatar/parameters/VelocityZ -> -1.7704685926437378
[2025-12-03 19:29:00.659] /avatar/parameters/VelocityZ -> -1.7071605920791626
[2025-12-03 19:29:00.665] /avatar/parameters/VelocityZ -> -1.6465506553649902
[2025-12-03 19:29:00.671] /avatar/parameters/VelocityZ -> -1.5859496593475342
[2025-12-03 19:29:00.677] /avatar/parameters/VelocityZ -> -1.5253366231918335
[2025-12-03 19:29:00.683] /avatar/parameters/VelocityZ -> -1.4647185802459717
[2025-12-03 19:29:00.689] /avatar/parameters/VelocityZ -> -1.4041175842285156
[2025-12-03 19:29:00.695] /avatar/parameters/VelocityZ -> -1.3435156345367432
[2025-12-03 19:29:00.701] /avatar/parameters/VelocityZ -> -1.2828996181488037
[2025-12-03 19:29:00.707] /avatar/parameters/VelocityZ -> -1.22230064868927
[2025-12-03 19:29:00.713] /avatar/parameters/VelocityZ -> -1.1611446142196655
[2025-12-03 19:29:00.720] /avatar/parameters/VelocityZ -> -1.101076602935791
[2025-12-03 19:29:00.725] /avatar/parameters/VelocityZ -> -1.0404715538024902
[2025-12-03 19:29:00.732] /avatar/parameters/VelocityZ -> -0.979865550994873
[2025-12-03 19:29:00.738] /avatar/parameters/VelocityZ -> -0.9192575216293335
[2025-12-03 19:29:00.744] /avatar/parameters/VelocityZ -> -0.8586505055427551
[2025-12-03 19:29:00.750] /avatar/parameters/VelocityZ -> -0.798040509223938
[2025-12-03 19:29:00.756] /avatar/parameters/VelocityZ -> -0.7374345064163208
[2025-12-03 19:29:00.763] /avatar/parameters/VelocityZ -> -0.6768234968185425
[2025-12-03 19:29:00.770] /avatar/parameters/VelocityZ -> -0.6162225008010864
[2025-12-03 19:29:00.775] /avatar/parameters/VelocityZ -> -0.5444064736366272
[2025-12-03 19:29:00.781] /avatar/parameters/VelocityZ -> -0.48380047082901
[2025-12-03 19:29:00.788] /avatar/parameters/VelocityZ -> -0.4231864809989929
[2025-12-03 19:29:00.794] /avatar/parameters/VelocityZ -> -0.3625814914703369
[2025-12-03 19:29:00.800] /avatar/parameters/VelocityZ -> -0.3019714951515198
[2025-12-03 19:29:00.806] /avatar/parameters/VelocityZ -> -0.24136748909950256
[2025-12-03 19:29:00.812] /avatar/parameters/VelocityZ -> -0.1807594895362854
[2025-12-03 19:29:00.818] /avatar/parameters/VelocityZ -> -0.12014348804950714
[2025-12-03 19:29:00.825] /avatar/parameters/VelocityZ -> -0.059532489627599716
[2025-12-03 19:29:00.830] /avatar/parameters/VelocityZ -> 0.0
[2025-12-03 19:29:10.724] /avatar/parameters/AngularY -> 8.0
[2025-12-03 19:29:10.738] /avatar/parameters/AngularY -> 96.0
[2025-12-03 19:29:10.753] /avatar/parameters/AngularY -> 56.0
[2025-12-03 19:29:10.804] /avatar/parameters/AngularY -> 48.0
[2025-12-03 19:29:10.819] /avatar/parameters/AngularY -> 8.0
[2025-12-03 19:29:10.856] /avatar/parameters/AngularY -> 0.0
[2025-12-03 19:29:10.907] /avatar/parameters/AngularY -> 8.0
[2025-12-03 19:29:10.921] /avatar/parameters/AngularY -> 0.0
[2025-12-03 19:29:11.036] /avatar/parameters/VelocityX -> -1.1920928955078125e-07
[2025-12-03 19:29:11.036] /avatar/parameters/VelocityZ -> 0.06060799956321716
[2025-12-03 19:29:11.037] /avatar/parameters/VelocityMagnitude -> 3.000000238418579
[2025-12-03 19:29:11.044] /avatar/parameters/VelocityZ -> 0.1361590027809143
[2025-12-03 19:29:11.051] /avatar/parameters/VelocityZ -> 0.20562699437141418
[2025-12-03 19:29:11.058] /avatar/parameters/VelocityX -> 0.010471820831298828
[2025-12-03 19:29:11.058] /avatar/parameters/VelocityZ -> 0.27648699283599854
[2025-12-03 19:29:11.066] /avatar/parameters/VelocityZ -> 0.3556249737739563
[2025-12-03 19:29:11.073] /avatar/parameters/VelocityX -> 0.020943522453308105
[2025-12-03 19:29:11.073] /avatar/parameters/VelocityZ -> 0.4255859851837158
[2025-12-03 19:29:11.074] /avatar/parameters/AngularY -> -8.0
[2025-12-03 19:29:11.080] /avatar/parameters/VelocityZ -> 0.5035640001296997
[2025-12-03 19:29:11.088] /avatar/parameters/VelocityX -> 0.02617943286895752
[2025-12-03 19:29:11.088] /avatar/parameters/VelocityZ -> 0.5726220011711121
[2025-12-03 19:29:11.088] /avatar/parameters/AngularY -> -24.0
[2025-12-03 19:29:11.095] /avatar/parameters/VelocityZ -> 0.6520329713821411
[2025-12-03 19:29:11.103] /avatar/parameters/VelocityX -> 0.02617955207824707
[2025-12-03 19:29:11.103] /avatar/parameters/VelocityZ -> 0.7266249656677246
[2025-12-03 19:29:11.103] /avatar/parameters/AngularY -> -32.0
[2025-12-03 19:29:11.110] /avatar/parameters/VelocityZ -> 0.8059689402580261
[2025-12-03 19:29:11.117] /avatar/parameters/VelocityZ -> 0.8749029636383057
[2025-12-03 19:29:11.124] /avatar/parameters/VelocityX -> 0.036652207374572754
[2025-12-03 19:29:11.125] /avatar/parameters/VelocityZ -> 0.9456899762153625
[2025-12-03 19:29:11.132] /avatar/parameters/VelocityZ -> 1.027432918548584
[2025-12-03 19:29:11.139] /avatar/parameters/VelocityX -> 0.020943641662597656
[2025-12-03 19:29:11.140] /avatar/parameters/VelocityZ -> 1.0972089767456055
[2025-12-03 19:29:11.140] /avatar/parameters/AngularY -> -40.0
[2025-12-03 19:29:11.147] /avatar/parameters/VelocityZ -> 1.177178978919983
[2025-12-03 19:29:11.154] /avatar/parameters/VelocityX -> 0.005236268043518066
[2025-12-03 19:29:11.155] /avatar/parameters/VelocityZ -> 1.2461810111999512
[2025-12-03 19:29:11.155] /avatar/parameters/AngularY -> -24.0
[2025-12-03 19:29:11.162] /avatar/parameters/VelocityZ -> 1.3232879638671875
[2025-12-03 19:29:11.169] /avatar/parameters/VelocityX -> 1.1920928955078125e-07
[2025-12-03 19:29:11.170] /avatar/parameters/VelocityZ -> 1.3960309028625488
[2025-12-03 19:29:11.170] /avatar/parameters/AngularY -> -8.0
[2025-12-03 19:29:11.177] /avatar/parameters/VelocityZ -> 1.4745819568634033
[2025-12-03 19:29:11.184] /avatar/parameters/VelocityZ -> 1.5454750061035156
[2025-12-03 19:29:11.184] /avatar/parameters/VelocityY -> 4.0
[2025-12-03 19:29:11.185] /avatar/parameters/VelocityMagnitude -> 5.0
[2025-12-03 19:29:11.192] /avatar/parameters/VelocityX -> 2.384185791015625e-07
[2025-12-03 19:29:11.192] /avatar/parameters/VelocityZ -> 1.6184149980545044
[2025-12-03 19:29:11.193] /avatar/parameters/VelocityY -> 3.8364999294281006
[2025-12-03 19:29:11.193] /avatar/parameters/AngularY -> 0.0
[2025-12-03 19:29:11.193] /avatar/parameters/VelocityMagnitude -> 4.963994026184082
[2025-12-03 19:29:11.193] /avatar/parameters/Grounded -> False
[2025-12-03 19:29:11.199] /avatar/parameters/VelocityZ -> 1.6973990201950073
[2025-12-03 19:29:11.206] /avatar/parameters/VelocityZ -> 1.7657719850540161
[2025-12-03 19:29:11.207] /avatar/parameters/VelocityY -> 3.672999858856201
[2025-12-03 19:29:11.207] /avatar/parameters/VelocityMagnitude -> 4.838742733001709
[2025-12-03 19:29:11.214] /avatar/parameters/VelocityZ -> 1.84506094455719
[2025-12-03 19:29:11.221] /avatar/parameters/VelocityZ -> 1.9130059480667114
[2025-12-03 19:29:11.221] /avatar/parameters/VelocityY -> 3.5094997882843018
[2025-12-03 19:29:11.222] /avatar/parameters/VelocityMagnitude -> 4.715834140777588
[2025-12-03 19:29:11.228] /avatar/parameters/VelocityZ -> 1.9906619787216187
[2025-12-03 19:29:11.235] /avatar/parameters/VelocityZ -> 2.0615909099578857
[2025-12-03 19:29:11.236] /avatar/parameters/VelocityY -> 3.3459997177124023
[2025-12-03 19:29:11.236] /avatar/parameters/VelocityMagnitude -> 4.595456123352051
[2025-12-03 19:29:11.243] /avatar/parameters/VelocityZ -> 2.1366899013519287
[2025-12-03 19:29:11.250] /avatar/parameters/VelocityZ -> 2.2009758949279785
[2025-12-03 19:29:11.257] /avatar/parameters/VelocityX -> 3.5762786865234375e-07
[2025-12-03 19:29:11.257] /avatar/parameters/VelocityZ -> 2.2715959548950195
[2025-12-03 19:29:11.257] /avatar/parameters/VelocityY -> 3.182499647140503
[2025-12-03 19:29:11.258] /avatar/parameters/VelocityMagnitude -> 4.477812767028809
[2025-12-03 19:29:11.264] /avatar/parameters/VelocityZ -> 2.353208065032959
[2025-12-03 19:29:11.271] /avatar/parameters/VelocityX -> 2.384185791015625e-07
[2025-12-03 19:29:11.272] /avatar/parameters/VelocityZ -> 2.4186489582061768
[2025-12-03 19:29:11.272] /avatar/parameters/VelocityY -> 3.0189995765686035
[2025-12-03 19:29:11.272] /avatar/parameters/VelocityMagnitude -> 4.363125324249268
[2025-12-03 19:29:11.278] /avatar/parameters/VelocityZ -> 2.492327928543091
[2025-12-03 19:29:11.285] /avatar/parameters/VelocityX -> 0.0
[2025-12-03 19:29:11.286] /avatar/parameters/VelocityZ -> 2.557957887649536
[2025-12-03 19:29:11.286] /avatar/parameters/VelocityY -> 2.855499505996704
[2025-12-03 19:29:11.286] /avatar/parameters/VelocityMagnitude -> 4.2516326904296875
[2025-12-03 19:29:11.293] /avatar/parameters/VelocityZ -> 2.635795831680298
[2025-12-03 19:29:11.299] /avatar/parameters/VelocityZ -> 2.701758861541748
[2025-12-03 19:29:11.306] /avatar/parameters/VelocityX -> 2.384185791015625e-07
[2025-12-03 19:29:11.307] /avatar/parameters/VelocityZ -> 2.770136833190918
[2025-12-03 19:29:11.307] /avatar/parameters/VelocityY -> 2.6919994354248047
[2025-12-03 19:29:11.308] /avatar/parameters/VelocityMagnitude -> 4.1435933113098145
[2025-12-03 19:29:11.314] /avatar/parameters/VelocityZ -> 2.846263885498047
[2025-12-03 19:29:11.321] /avatar/parameters/VelocityZ -> 2.9126298427581787
[2025-12-03 19:29:11.321] /avatar/parameters/VelocityY -> 2.5284993648529053
[2025-12-03 19:29:11.321] /avatar/parameters/VelocityMagnitude -> 4.039283275604248
[2025-12-03 19:29:11.328] /avatar/parameters/VelocityZ -> 2.98709774017334
[2025-12-03 19:29:11.334] /avatar/parameters/VelocityZ -> 3.0512888431549072
[2025-12-03 19:29:11.335] /avatar/parameters/VelocityY -> 2.364999294281006
[2025-12-03 19:29:11.335] /avatar/parameters/VelocityMagnitude -> 3.939000368118286
[2025-12-03 19:29:11.342] /avatar/parameters/VelocityZ -> 3.125065803527832
[2025-12-03 19:29:11.348] /avatar/parameters/VelocityZ -> 3.15000057220459
[2025-12-03 19:29:11.355] /avatar/parameters/VelocityY -> 2.2014992237091064
[2025-12-03 19:29:11.355] /avatar/parameters/VelocityMagnitude -> 3.8430590629577637
[2025-12-03 19:29:11.369] /avatar/parameters/VelocityY -> 2.037999153137207
[2025-12-03 19:29:11.369] /avatar/parameters/VelocityMagnitude -> 3.7517919540405273
[2025-12-03 19:29:11.390] /avatar/parameters/VelocityX -> 1.1920928955078125e-07
[2025-12-03 19:29:11.391] /avatar/parameters/VelocityZ -> 3.0893945693969727
[2025-12-03 19:29:11.391] /avatar/parameters/VelocityY -> 1.8744990825653076
[2025-12-03 19:29:11.391] /avatar/parameters/VelocityMagnitude -> 3.537477731704712
[2025-12-03 19:29:11.397] /avatar/parameters/VelocityZ -> 3.014101505279541
[2025-12-03 19:29:11.403] /avatar/parameters/VelocityX -> 0.0
[2025-12-03 19:29:11.404] /avatar/parameters/VelocityZ -> 2.953493595123291
[2025-12-03 19:29:11.404] /avatar/parameters/VelocityY -> 1.7109990119934082
[2025-12-03 19:29:11.405] /avatar/parameters/VelocityMagnitude -> 3.3241569995880127
[2025-12-03 19:29:11.405] /avatar/parameters/Voice -> 0.03138888627290726
[2025-12-03 19:29:11.411] /avatar/parameters/VelocityZ -> 2.8760175704956055
[2025-12-03 19:29:11.411] /avatar/parameters/Voice -> 0.06786587834358215
[2025-12-03 19:29:11.417] /avatar/parameters/VelocityZ -> 2.8500003814697266
[2025-12-03 19:29:11.417] /avatar/parameters/Voice -> 0.09308327734470367
[2025-12-03 19:29:11.423] /avatar/parameters/VelocityX -> -1.1920928955078125e-07
[2025-12-03 19:29:11.424] /avatar/parameters/VelocityZ -> 2.7893924713134766
[2025-12-03 19:29:11.424] /avatar/parameters/VelocityY -> 1.5474989414215088
[2025-12-03 19:29:11.424] /avatar/parameters/VelocityMagnitude -> 3.1120336055755615
[2025-12-03 19:29:11.424] /avatar/parameters/Voice -> 0.12962165474891663
[2025-12-03 19:29:11.431] /avatar/parameters/VelocityZ -> 2.7145354747772217
[2025-12-03 19:29:11.431] /avatar/parameters/Voice -> 0.1706475019454956
[2025-12-03 19:29:11.437] /avatar/parameters/VelocityX -> -2.384185791015625e-07
[2025-12-03 19:29:11.437] /avatar/parameters/VelocityZ -> 2.653926372528076
[2025-12-03 19:29:11.438] /avatar/parameters/VelocityY -> 1.3839988708496094
[2025-12-03 19:29:11.438] /avatar/parameters/VelocityMagnitude -> 2.9013710021972656
[2025-12-03 19:29:11.438] /avatar/parameters/Voice -> 0.20013484358787537
[2025-12-03 19:29:11.444] /avatar/parameters/VelocityZ -> 2.57722544670105
[2025-12-03 19:29:11.445] /avatar/parameters/Voice -> 0.23468095064163208
[2025-12-03 19:29:11.450] /avatar/parameters/VelocityZ -> 2.5500001907348633
[2025-12-03 19:29:11.451] /avatar/parameters/Voice -> 0.25883811712265015
[2025-12-03 19:29:11.457] /avatar/parameters/VelocityZ -> 2.4893922805786133
[2025-12-03 19:29:11.457] /avatar/parameters/VelocityY -> 1.22049880027771
[2025-12-03 19:29:11.458] /avatar/parameters/VelocityMagnitude -> 2.6925113201141357
[2025-12-03 19:29:11.458] /avatar/parameters/Voice -> 0.28079912066459656
[2025-12-03 19:29:11.464] /avatar/parameters/VelocityZ -> 2.4161462783813477
[2025-12-03 19:29:11.464] /avatar/parameters/Voice -> 0.28647077083587646
[2025-12-03 19:29:11.470] /avatar/parameters/VelocityZ -> 2.355537176132202
[2025-12-03 19:29:11.471] /avatar/parameters/VelocityY -> 1.0569987297058105
[2025-12-03 19:29:11.471] /avatar/parameters/VelocityMagnitude -> 2.4859097003936768
[2025-12-03 19:29:11.471] /avatar/parameters/Voice -> 0.29064828157424927
[2025-12-03 19:29:11.478] /avatar/parameters/VelocityZ -> 2.2762272357940674
[2025-12-03 19:29:11.478] /avatar/parameters/Voice -> 0.2956177890300751
[2025-12-03 19:29:11.484] /avatar/parameters/VelocityZ -> 2.250000238418579
[2025-12-03 19:29:11.484] /avatar/parameters/Voice -> 0.33886680006980896
[2025-12-03 19:29:11.490] /avatar/parameters/VelocityX -> -2.980232238769531e-07
[2025-12-03 19:29:11.490] /avatar/parameters/VelocityZ -> 2.1893951892852783
[2025-12-03 19:29:11.491] /avatar/parameters/VelocityY -> 0.8934987187385559
[2025-12-03 19:29:11.491] /avatar/parameters/VelocityMagnitude -> 2.2821788787841797
[2025-12-03 19:29:11.491] /avatar/parameters/Voice -> 0.39896875619888306
[2025-12-03 19:29:11.492] /avatar/parameters/Viseme -> 1
[2025-12-03 19:29:11.497] /avatar/parameters/VelocityZ -> 2.115321159362793
[2025-12-03 19:29:11.498] /avatar/parameters/Voice -> 0.46574994921684265
[2025-12-03 19:29:11.504] /avatar/parameters/VelocityX -> -3.5762786865234375e-07
[2025-12-03 19:29:11.504] /avatar/parameters/VelocityZ -> 2.0547142028808594
[2025-12-03 19:29:11.504] /avatar/parameters/VelocityY -> 0.7299987077713013
[2025-12-03 19:29:11.505] /avatar/parameters/VelocityMagnitude -> 2.0821619033813477
[2025-12-03 19:29:11.505] /avatar/parameters/Voice -> 0.5143188834190369
[2025-12-03 19:29:11.511] /avatar/parameters/VelocityZ -> 1.977938175201416
[2025-12-03 19:29:11.511] /avatar/parameters/Voice -> 0.5702518820762634
[2025-12-03 19:29:11.517] /avatar/parameters/VelocityZ -> 1.950000286102295
[2025-12-03 19:29:11.517] /avatar/parameters/Voice -> 0.6093217730522156
[2025-12-03 19:29:11.523] /avatar/parameters/VelocityZ -> 1.8893892765045166
[2025-12-03 19:29:11.524] /avatar/parameters/VelocityY -> 0.5664986968040466
[2025-12-03 19:29:11.524] /avatar/parameters/VelocityMagnitude -> 1.8870402574539185
[2025-12-03 19:29:11.525] /avatar/parameters/Voice -> 0.6448408961296082
[2025-12-03 19:29:11.531] /avatar/parameters/VelocityZ -> 1.8156342506408691
[2025-12-03 19:29:11.531] /avatar/parameters/Voice -> 0.6773424744606018
[2025-12-03 19:29:11.537] /avatar/parameters/VelocityZ -> 1.7550262212753296
[2025-12-03 19:29:11.537] /avatar/parameters/VelocityY -> 0.402998685836792
[2025-12-03 19:29:11.538] /avatar/parameters/VelocityMagnitude -> 1.698501706123352
[2025-12-03 19:29:11.538] /avatar/parameters/Voice -> 0.7010957598686218
[2025-12-03 19:29:11.544] /avatar/parameters/VelocityZ -> 1.6783151626586914
[2025-12-03 19:29:11.545] /avatar/parameters/Voice -> 0.7284268736839294
[2025-12-03 19:29:11.550] /avatar/parameters/VelocityZ -> 1.6500002145767212
[2025-12-03 19:29:11.551] /avatar/parameters/Voice -> 0.735354483127594
[2025-12-03 19:29:11.557] /avatar/parameters/VelocityX -> -4.172325134277344e-07
[2025-12-03 19:29:11.557] /avatar/parameters/VelocityZ -> 1.5893871784210205
[2025-12-03 19:29:11.557] /avatar/parameters/VelocityY -> 0.23949867486953735
[2025-12-03 19:29:11.558] /avatar/parameters/VelocityMagnitude -> 1.518999695777893
[2025-12-03 19:29:11.558] /avatar/parameters/Voice -> 0.7415347099304199
[2025-12-03 19:29:11.558] /avatar/parameters/Viseme -> 10
[2025-12-03 19:29:11.564] /avatar/parameters/VelocityZ -> 1.5140511989593506
[2025-12-03 19:29:11.564] /avatar/parameters/Voice -> 0.7485177516937256
[2025-12-03 19:29:11.570] /avatar/parameters/VelocityX -> -4.76837158203125e-07
[2025-12-03 19:29:11.571] /avatar/parameters/VelocityZ -> 1.4534411430358887
[2025-12-03 19:29:11.571] /avatar/parameters/VelocityY -> 0.07599866390228271
[2025-12-03 19:29:11.571] /avatar/parameters/VelocityMagnitude -> 1.352137565612793
[2025-12-03 19:29:11.571] /avatar/parameters/Voice -> 0.7535009384155273
[2025-12-03 19:29:11.577] /avatar/parameters/VelocityZ -> 1.3788751363754272
[2025-12-03 19:29:11.578] /avatar/parameters/Voice -> 0.7590741515159607
[2025-12-03 19:29:11.584] /avatar/parameters/VelocityZ -> 1.3500001430511475
[2025-12-03 19:29:11.584] /avatar/parameters/Voice -> 0.763213038444519
[2025-12-03 19:29:11.590] /avatar/parameters/VelocityX -> -4.172325134277344e-07
[2025-12-03 19:29:11.591] /avatar/parameters/VelocityZ -> 1.2893941402435303
[2025-12-03 19:29:11.591] /avatar/parameters/VelocityY -> -0.08750134706497192
[2025-12-03 19:29:11.591] /avatar/parameters/VelocityMagnitude -> 1.20318603515625
[2025-12-03 19:29:11.591] /avatar/parameters/Voice -> 0.7657842040061951
[2025-12-03 19:29:11.597] /avatar/parameters/VelocityZ -> 1.2180321216583252
[2025-12-03 19:29:11.597] /avatar/parameters/Voice -> 0.757318913936615
[2025-12-03 19:29:11.603] /avatar/parameters/VelocityX -> -4.76837158203125e-07
[2025-12-03 19:29:11.604] /avatar/parameters/VelocityZ -> 1.1574251651763916
[2025-12-03 19:29:11.604] /avatar/parameters/VelocityY -> -0.25100135803222656
[2025-12-03 19:29:11.604] /avatar/parameters/VelocityMagnitude -> 1.0795841217041016
[2025-12-03 19:29:11.605] /avatar/parameters/Voice -> 0.7508990168571472
[2025-12-03 19:29:11.610] /avatar/parameters/VelocityZ -> 1.081295132637024
[2025-12-03 19:29:11.611] /avatar/parameters/Voice -> 0.7324010133743286
[2025-12-03 19:29:11.616] /avatar/parameters/VelocityZ -> 1.0500001907348633
[2025-12-03 19:29:11.617] /avatar/parameters/Voice -> 0.7193549275398254
[2025-12-03 19:29:11.623] /avatar/parameters/VelocityX -> -5.364418029785156e-07
[2025-12-03 19:29:11.623] /avatar/parameters/VelocityZ -> 0.9893921613693237
[2025-12-03 19:29:11.623] /avatar/parameters/VelocityY -> -0.4145013689994812
[2025-12-03 19:29:11.624] /avatar/parameters/VelocityMagnitude -> 0.9908640384674072
[2025-12-03 19:29:11.624] /avatar/parameters/Voice -> 0.7074962258338928
[2025-12-03 19:29:11.630] /avatar/parameters/VelocityZ -> 0.9164661765098572
[2025-12-03 19:29:11.630] /avatar/parameters/Voice -> 0.6760208010673523
[2025-12-03 19:29:11.636] /avatar/parameters/VelocityX -> -5.066394805908203e-07
[2025-12-03 19:29:11.637] /avatar/parameters/VelocityZ -> 0.8558591604232788
[2025-12-03 19:29:11.637] /avatar/parameters/VelocityY -> -0.5780013799667358
[2025-12-03 19:29:11.637] /avatar/parameters/VelocityMagnitude -> 0.9468820095062256
[2025-12-03 19:29:11.637] /avatar/parameters/Voice -> 0.6527237892150879
[2025-12-03 19:29:11.643] /avatar/parameters/VelocityZ -> 0.7815001606941223
[2025-12-03 19:29:11.644] /avatar/parameters/Voice -> 0.6267391443252563
[2025-12-03 19:29:11.649] /avatar/parameters/VelocityZ -> 0.7500001192092896
[2025-12-03 19:29:11.650] /avatar/parameters/Voice -> 0.6079214811325073
[2025-12-03 19:29:11.656] /avatar/parameters/VelocityX -> -5.364418029785156e-07
[2025-12-03 19:29:11.656] /avatar/parameters/VelocityZ -> 0.6893951296806335
[2025-12-03 19:29:11.656] /avatar/parameters/VelocityY -> -0.7415013909339905
[2025-12-03 19:29:11.657] /avatar/parameters/VelocityMagnitude -> 0.9538471102714539
[2025-12-03 19:29:11.657] /avatar/parameters/Voice -> 0.5908160209655762
[2025-12-03 19:29:11.663] /avatar/parameters/VelocityZ -> 0.6166671514511108
[2025-12-03 19:29:11.663] /avatar/parameters/Voice -> 0.5721549391746521
[2025-12-03 19:29:11.669] /avatar/parameters/VelocityZ -> 0.5560611486434937
[2025-12-03 19:29:11.670] /avatar/parameters/VelocityY -> -0.9050014019012451
[2025-12-03 19:29:11.670] /avatar/parameters/VelocityMagnitude -> 1.0107064247131348
[2025-12-03 19:29:11.670] /avatar/parameters/Voice -> 0.5583006739616394
[2025-12-03 19:29:11.676] /avatar/parameters/VelocityZ -> 0.4823761582374573
[2025-12-03 19:29:11.677] /avatar/parameters/Voice -> 0.505412757396698
[2025-12-03 19:29:11.682] /avatar/parameters/VelocityZ -> 0.4500000476837158
[2025-12-03 19:29:11.683] /avatar/parameters/Voice -> 0.46820637583732605
[2025-12-03 19:29:11.689] /avatar/parameters/VelocityZ -> 0.38930803537368774
[2025-12-03 19:29:11.689] /avatar/parameters/VelocityY -> -1.0685014724731445
[2025-12-03 19:29:11.689] /avatar/parameters/VelocityMagnitude -> 1.1098177433013916
[2025-12-03 19:29:11.690] /avatar/parameters/Voice -> 0.43433132767677307
[2025-12-03 19:29:11.696] /avatar/parameters/VelocityZ -> 0.3144320249557495
[2025-12-03 19:29:11.696] /avatar/parameters/Voice -> 0.39188629388809204
[2025-12-03 19:29:11.702] /avatar/parameters/VelocityX -> -5.438923835754395e-07
[2025-12-03 19:29:11.703] /avatar/parameters/VelocityZ -> 0.2538300156593323
[2025-12-03 19:29:11.703] /avatar/parameters/VelocityY -> -1.232001543045044
[2025-12-03 19:29:11.703] /avatar/parameters/VelocityMagnitude -> 1.2410993576049805
[2025-12-03 19:29:11.703] /avatar/parameters/Voice -> 0.36139115691185
[2025-12-03 19:29:11.704] /avatar/parameters/Viseme -> 12
[2025-12-03 19:29:11.709] /avatar/parameters/VelocityZ -> 0.17868201434612274
[2025-12-03 19:29:11.710] /avatar/parameters/Voice -> 0.32701390981674194
[2025-12-03 19:29:11.715] /avatar/parameters/VelocityZ -> 0.14999999105930328
[2025-12-03 19:29:11.716] /avatar/parameters/Voice -> 0.30505305528640747
[2025-12-03 19:29:11.722] /avatar/parameters/VelocityX -> -5.477218678606732e-07
[2025-12-03 19:29:11.722] /avatar/parameters/VelocityZ -> 0.0893859937787056
[2025-12-03 19:29:11.723] /avatar/parameters/VelocityY -> -1.3955016136169434
[2025-12-03 19:29:11.723] /avatar/parameters/VelocityMagnitude -> 1.3955016136169434
[2025-12-03 19:29:11.723] /avatar/parameters/Voice -> 0.2850867509841919
[2025-12-03 19:29:11.729] /avatar/parameters/VelocityZ -> 0.011792995035648346
[2025-12-03 19:29:11.730] /avatar/parameters/Voice -> 0.26185140013694763
[2025-12-03 19:29:11.736] /avatar/parameters/VelocityX -> -5.513429641723633e-07
[2025-12-03 19:29:11.736] /avatar/parameters/VelocityZ -> -0.04997800290584564
[2025-12-03 19:29:11.737] /avatar/parameters/VelocityY -> -1.5590016841888428
[2025-12-03 19:29:11.737] /avatar/parameters/VelocityMagnitude -> 1.5662012100219727
[2025-12-03 19:29:11.737] /avatar/parameters/Voice -> 0.2455068826675415
[2025-12-03 19:29:11.743] /avatar/parameters/VelocityZ -> -0.12394200265407562
[2025-12-03 19:29:11.743] /avatar/parameters/Voice -> 0.22774946689605713
[2025-12-03 19:29:11.749] /avatar/parameters/VelocityZ -> -0.15000006556510925
[2025-12-03 19:29:11.749] /avatar/parameters/Voice -> 0.21481209993362427
[2025-12-03 19:29:11.755] /avatar/parameters/VelocityZ -> -0.21061506867408752
[2025-12-03 19:29:11.756] /avatar/parameters/VelocityY -> -1.7225017547607422
[2025-12-03 19:29:11.756] /avatar/parameters/VelocityMagnitude -> 1.7484314441680908
[2025-12-03 19:29:11.756] /avatar/parameters/Voice -> 0.19704292714595795
[2025-12-03 19:29:11.763] /avatar/parameters/VelocityZ -> -0.287536084651947
[2025-12-03 19:29:11.763] /avatar/parameters/Voice -> 0.1973768174648285
[2025-12-03 19:29:11.764] /avatar/parameters/Viseme -> 0
[2025-12-03 19:29:11.769] /avatar/parameters/VelocityZ -> -0.34813907742500305
[2025-12-03 19:29:11.769] /avatar/parameters/VelocityY -> -1.8860018253326416
[2025-12-03 19:29:11.770] /avatar/parameters/VelocityMagnitude -> 1.9389437437057495
[2025-12-03 19:29:11.770] /avatar/parameters/Voice -> 0.1976095288991928
[2025-12-03 19:29:11.776] /avatar/parameters/VelocityZ -> -0.4221540689468384
[2025-12-03 19:29:11.776] /avatar/parameters/Voice -> 0.2292695939540863
[2025-12-03 19:29:11.782] /avatar/parameters/VelocityZ -> -0.450000137090683
[2025-12-03 19:29:11.783] /avatar/parameters/Voice -> 0.2525123357772827
[2025-12-03 19:29:11.783] /avatar/parameters/Viseme -> 4
[2025-12-03 19:29:11.789] /avatar/parameters/VelocityX -> -5.662441253662109e-07
[2025-12-03 19:29:11.789] /avatar/parameters/VelocityZ -> -0.5106131434440613
[2025-12-03 19:29:11.789] /avatar/parameters/VelocityY -> -2.049501895904541
[2025-12-03 19:29:11.789] /avatar/parameters/VelocityMagnitude -> 2.1355228424072266
[2025-12-03 19:29:11.790] /avatar/parameters/Voice -> 0.2734479308128357
[2025-12-03 19:29:11.796] /avatar/parameters/VelocityZ -> -0.5853221416473389
[2025-12-03 19:29:11.796] /avatar/parameters/Voice -> 0.29690614342689514
[2025-12-03 19:29:11.803] /avatar/parameters/VelocityZ -> -0.6489351391792297
[2025-12-03 19:29:11.803] /avatar/parameters/VelocityY -> -2.2130019664764404
[2025-12-03 19:29:11.803] /avatar/parameters/VelocityMagnitude -> 2.3366382122039795
[2025-12-03 19:29:11.804] /avatar/parameters/Voice -> 0.3093555271625519
[2025-12-03 19:29:11.810] /avatar/parameters/VelocityZ -> -0.7242021560668945
[2025-12-03 19:29:11.810] /avatar/parameters/Voice -> 0.32268011569976807
[2025-12-03 19:29:11.816] /avatar/parameters/VelocityZ -> -0.7500001788139343
[2025-12-03 19:29:11.816] /avatar/parameters/Voice -> 0.33219823241233826
[2025-12-03 19:29:11.822] /avatar/parameters/VelocityZ -> -0.8106091618537903
[2025-12-03 19:29:11.823] /avatar/parameters/VelocityY -> -2.37650203704834
[2025-12-03 19:29:11.823] /avatar/parameters/VelocityMagnitude -> 2.541212558746338
[2025-12-03 19:29:11.824] /avatar/parameters/Voice -> 0.3234493136405945
[2025-12-03 19:29:11.830] /avatar/parameters/VelocityZ -> -0.8898481726646423
[2025-12-03 19:29:11.830] /avatar/parameters/Voice -> 0.3130510449409485
[2025-12-03 19:29:11.838] /avatar/parameters/VelocityX -> -5.960464477539062e-07
[2025-12-03 19:29:11.839] /avatar/parameters/VelocityZ -> -0.9506521821022034
[2025-12-03 19:29:11.839] /avatar/parameters/VelocityY -> -2.5400021076202393
[2025-12-03 19:29:11.839] /avatar/parameters/VelocityMagnitude -> 2.748474359512329
[2025-12-03 19:29:11.840] /avatar/parameters/Voice -> 0.3060203194618225
[2025-12-03 19:29:11.846] /avatar/parameters/VelocityZ -> -1.0500001907348633
[2025-12-03 19:29:11.847] /avatar/parameters/Voice -> 0.29509955644607544
[2025-12-03 19:29:11.853] /avatar/parameters/VelocityX -> -6.556510925292969e-07
[2025-12-03 19:29:11.853] /avatar/parameters/VelocityZ -> -1.1136631965637207
[2025-12-03 19:29:11.854] /avatar/parameters/VelocityY -> -2.7035021781921387
[2025-12-03 19:29:11.854] /avatar/parameters/VelocityMagnitude -> 2.957858085632324
[2025-12-03 19:29:11.854] /avatar/parameters/Voice -> 0.28945252299308777
[2025-12-03 19:29:11.860] /avatar/parameters/VelocityZ -> -1.188845157623291
[2025-12-03 19:29:11.861] /avatar/parameters/Voice -> 0.2801910638809204
[2025-12-03 19:29:11.866] /avatar/parameters/VelocityZ -> -1.200000286102295
[2025-12-03 19:29:11.867] /avatar/parameters/Voice -> 0.27424684166908264
[2025-12-03 19:29:11.867] /avatar/parameters/Viseme -> 8
[2025-12-03 19:29:11.873] /avatar/parameters/VelocityZ -> -1.2606122493743896
[2025-12-03 19:29:11.873] /avatar/parameters/VelocityY -> -2.867002248764038
[2025-12-03 19:29:11.873] /avatar/parameters/VelocityMagnitude -> 3.168943405151367
[2025-12-03 19:29:11.874] /avatar/parameters/Voice -> 0.26890870928764343
[2025-12-03 19:29:11.880] /avatar/parameters/VelocityZ -> -1.3371522426605225
[2025-12-03 19:29:11.880] /avatar/parameters/Voice -> 0.26278066635131836
[2025-12-03 19:29:11.887] /avatar/parameters/VelocityZ -> -1.3998312950134277
[2025-12-03 19:29:11.887] /avatar/parameters/VelocityY -> -3.0305023193359375
[2025-12-03 19:29:11.887] /avatar/parameters/VelocityMagnitude -> 3.381411552429199
[2025-12-03 19:29:11.888] /avatar/parameters/Voice -> 0.2583385407924652
[2025-12-03 19:29:11.894] /avatar/parameters/VelocityZ -> -1.4747803211212158
[2025-12-03 19:29:11.894] /avatar/parameters/Voice -> 0.2535262107849121
[2025-12-03 19:29:11.900] /avatar/parameters/VelocityZ -> -1.500000238418579
[2025-12-03 19:29:11.900] /avatar/parameters/Voice -> 0.2500724196434021
[2025-12-03 19:29:11.906] /avatar/parameters/VelocityX -> -7.152557373046875e-07
[2025-12-03 19:29:11.907] /avatar/parameters/VelocityZ -> -1.5606082677841187
[2025-12-03 19:29:11.907] /avatar/parameters/VelocityY -> -3.194002389907837
[2025-12-03 19:29:11.908] /avatar/parameters/VelocityMagnitude -> 3.595017671585083
[2025-12-03 19:29:11.908] /avatar/parameters/Voice -> 0.2476336658000946
[2025-12-03 19:29:11.914] /avatar/parameters/VelocityZ -> -1.6380952596664429
[2025-12-03 19:29:11.914] /avatar/parameters/Voice -> 0.25042712688446045
[2025-12-03 19:29:11.920] /avatar/parameters/VelocityX -> -7.748603820800781e-07
[2025-12-03 19:29:11.921] /avatar/parameters/VelocityZ -> -1.699241280555725
[2025-12-03 19:29:11.921] /avatar/parameters/VelocityY -> -3.3575024604797363
[2025-12-03 19:29:11.921] /avatar/parameters/VelocityMagnitude -> 3.809569835662842
[2025-12-03 19:29:11.921] /avatar/parameters/Voice -> 0.2523752748966217
[2025-12-03 19:29:11.928] /avatar/parameters/VelocityZ -> -1.778731346130371
[2025-12-03 19:29:11.928] /avatar/parameters/Voice -> 0.2516292929649353
[2025-12-03 19:29:11.934] /avatar/parameters/VelocityZ -> -1.8000003099441528
[2025-12-03 19:29:11.934] /avatar/parameters/Voice -> 0.25112831592559814
[2025-12-03 19:29:11.934] /avatar/parameters/Viseme -> 13
[2025-12-03 19:29:11.940] /avatar/parameters/VelocityX -> -7.152557373046875e-07
[2025-12-03 19:29:11.940] /avatar/parameters/VelocityZ -> -1.8606083393096924
[2025-12-03 19:29:11.941] /avatar/parameters/VelocityY -> -3.5210025310516357
[2025-12-03 19:29:11.941] /avatar/parameters/VelocityMagnitude -> 4.024917125701904
[2025-12-03 19:29:11.941] /avatar/parameters/Voice -> 0.2506728768348694
[2025-12-03 19:29:11.947] /avatar/parameters/VelocityZ -> -1.9350343942642212
[2025-12-03 19:29:11.948] /avatar/parameters/Voice -> 0.24420905113220215
[2025-12-03 19:29:11.954] /avatar/parameters/VelocityX -> -7.748603820800781e-07
[2025-12-03 19:29:11.954] /avatar/parameters/VelocityZ -> -1.9956413507461548
[2025-12-03 19:29:11.955] /avatar/parameters/VelocityY -> -3.684502601623535
[2025-12-03 19:29:11.955] /avatar/parameters/VelocityMagnitude -> 4.240938663482666
[2025-12-03 19:29:11.955] /avatar/parameters/Voice -> 0.23489658534526825
[2025-12-03 19:29:11.961] /avatar/parameters/VelocityZ -> -2.0720973014831543
[2025-12-03 19:29:11.961] /avatar/parameters/Voice -> 0.22421684861183167
[2025-12-03 19:29:11.967] /avatar/parameters/VelocityZ -> -2.1000003814697266
[2025-12-03 19:29:11.968] /avatar/parameters/Voice -> 0.20980128645896912
[2025-12-03 19:29:11.973] /avatar/parameters/VelocityX -> -7.152557373046875e-07
[2025-12-03 19:29:11.974] /avatar/parameters/VelocityZ -> -2.1606123447418213
[2025-12-03 19:29:11.974] /avatar/parameters/VelocityY -> 0.0
[2025-12-03 19:29:11.975] /avatar/parameters/VelocityMagnitude -> 2.250000238418579
[2025-12-03 19:29:11.975] /avatar/parameters/Grounded -> True
[2025-12-03 19:29:11.975] /avatar/parameters/Voice -> 0.19669444859027863
[2025-12-03 19:29:11.981] /avatar/parameters/VelocityZ -> -2.239025354385376
[2025-12-03 19:29:11.981] /avatar/parameters/Voice -> 0.18127991259098053
[2025-12-03 19:29:11.988] /avatar/parameters/VelocityX -> -1.1920928955078125e-07
[2025-12-03 19:29:11.988] /avatar/parameters/VelocityZ -> -2.3007214069366455
[2025-12-03 19:29:11.988] /avatar/parameters/VelocityMagnitude -> 3.000000238418579
[2025-12-03 19:29:11.989] /avatar/parameters/Voice -> 0.16710172593593597
[2025-12-03 19:29:11.995] /avatar/parameters/VelocityZ -> -2.3766183853149414
[2025-12-03 19:29:11.995] /avatar/parameters/Voice -> 0.151274174451828
[2025-12-03 19:29:12.001] /avatar/parameters/VelocityZ -> -2.4372212886810303
[2025-12-03 19:29:12.001] /avatar/parameters/Voice -> 0.14007481932640076
[2025-12-03 19:29:12.007] /avatar/parameters/VelocityZ -> -2.497830390930176
[2025-12-03 19:29:12.008] /avatar/parameters/Voice -> 0.1298925280570984
[2025-12-03 19:29:12.014] /avatar/parameters/VelocityZ -> -2.5742273330688477
[2025-12-03 19:29:12.015] /avatar/parameters/Voice -> 0.11822471022605896
[2025-12-03 19:29:12.021] /avatar/parameters/VelocityZ -> -2.634836435317993
[2025-12-03 19:29:12.021] /avatar/parameters/Voice -> 0.11002889275550842
[2025-12-03 19:29:12.028] /avatar/parameters/VelocityZ -> -2.70997953414917
[2025-12-03 19:29:12.028] /avatar/parameters/Voice -> 0.09880867600440979
[2025-12-03 19:29:12.034] /avatar/parameters/VelocityZ -> -2.77362060546875
[2025-12-03 19:29:12.035] /avatar/parameters/Voice -> 0.09006652981042862
[2025-12-03 19:29:12.041] /avatar/parameters/VelocityZ -> -2.836474657058716
[2025-12-03 19:29:12.041] /avatar/parameters/Voice -> 0.08225671201944351
[2025-12-03 19:29:12.048] /avatar/parameters/VelocityZ -> -2.910285711288452
[2025-12-03 19:29:12.048] /avatar/parameters/Voice -> 0.07395012676715851
[2025-12-03 19:29:12.055] /avatar/parameters/VelocityZ -> -2.9708826541900635
[2025-12-03 19:29:12.055] /avatar/parameters/Voice -> 0.06788565218448639
[2025-12-03 19:29:12.062] /avatar/parameters/VelocityZ -> -3.0000007152557373
[2025-12-03 19:29:12.062] /avatar/parameters/Voice -> 0.06099039688706398
[2025-12-03 19:29:12.068] /avatar/parameters/Voice -> 0.05610261484980583
[2025-12-03 19:29:12.074] /avatar/parameters/Voice -> 0.05130267143249512
[2025-12-03 19:29:12.082] /avatar/parameters/Voice -> 0.045594412833452225
[2025-12-03 19:29:12.088] /avatar/parameters/Voice -> 0.04178353399038315
[2025-12-03 19:29:12.096] /avatar/parameters/Voice -> 0.03740982338786125
[2025-12-03 19:29:12.102] /avatar/parameters/Voice -> 0.034319765865802765
[2025-12-03 19:29:12.102] /avatar/parameters/Viseme -> 0
[2025-12-03 19:29:12.110] /avatar/parameters/Voice -> 0.030770905315876007
[2025-12-03 19:29:12.116] /avatar/parameters/Voice -> 0.02833287976682186
[2025-12-03 19:29:12.122] /avatar/parameters/Voice -> 0.026116738095879555
[2025-12-03 19:29:12.130] /avatar/parameters/Voice -> 0.0234164260327816
[2025-12-03 19:29:12.136] /avatar/parameters/Voice -> 0.021630683913826942
[2025-12-03 19:29:12.143] /avatar/parameters/Voice -> 0.019631508737802505
[2025-12-03 19:29:12.149] /avatar/parameters/Voice -> 0.01819511316716671
[2025-12-03 19:29:12.156] /avatar/parameters/Voice -> 0.016890915110707283
[2025-12-03 19:29:12.163] /avatar/parameters/Voice -> 0.015408205799758434
[2025-12-03 19:29:12.169] /avatar/parameters/Voice -> 0.014357361011207104
[2025-12-03 19:29:12.177] /avatar/parameters/Voice -> 0.013206057250499725
[2025-12-03 19:29:12.183] /avatar/parameters/Voice -> 0.012374301441013813
[2025-12-03 19:29:12.189] /avatar/parameters/Voice -> 0.011621165089309216
[2025-12-03 19:29:12.197] /avatar/parameters/Voice -> 0.010766072198748589
[2025-12-03 19:29:12.203] /avatar/parameters/Voice -> 0.010167142376303673
[2025-12-03 19:29:12.211] /avatar/parameters/Voice -> 0.009464533999562263
[2025-12-03 19:29:12.217] /avatar/parameters/Voice -> 0.008603980764746666
[2025-12-03 19:29:12.223] /avatar/parameters/Voice -> 0.007819414138793945
[2025-12-03 19:29:12.230] /avatar/parameters/Voice -> 0.006923074834048748
[2025-12-03 19:29:12.237] /avatar/parameters/Voice -> 0.006293684244155884
[2025-12-03 19:29:12.245] /avatar/parameters/Voice -> 0.005508704576641321
[2025-12-03 19:29:12.251] /avatar/parameters/Voice -> 0.005006757099181414
[2025-12-03 19:29:12.257] /avatar/parameters/Voice -> 0.00454548466950655
[2025-12-03 19:29:12.265] /avatar/parameters/Voice -> 0.004015476442873478
[2025-12-03 19:29:12.271] /avatar/parameters/Voice -> 0.0036415853537619114
[2025-12-03 19:29:12.278] /avatar/parameters/Voice -> 0.00322877150028944
[2025-12-03 19:29:12.285] /avatar/parameters/Voice -> 0.0029352374840527773
[2025-12-03 19:29:12.291] /avatar/parameters/Voice -> 0.0026673588436096907
[2025-12-03 19:29:12.298] /avatar/parameters/Voice -> 0.002367881126701832
[2025-12-03 19:29:12.304] /avatar/parameters/Voice -> 0.002152594504877925
[2025-12-03 19:29:12.312] /avatar/parameters/Voice -> 0.0018943671602755785
[2025-12-03 19:29:12.319] /avatar/parameters/Voice -> 0.0017109564505517483
[2025-12-03 19:29:12.327] /avatar/parameters/Voice -> 0.0014962998684495687
[2025-12-03 19:29:12.333] /avatar/parameters/Voice -> 0.0013584480620920658
[2025-12-03 19:29:12.339] /avatar/parameters/Voice -> 0.0012349407188594341
[2025-12-03 19:29:12.347] /avatar/parameters/Voice -> 0.0010879130568355322
[2025-12-03 19:29:12.354] /avatar/parameters/Voice -> 0.0
[2025-12-03 19:29:12.420] /avatar/parameters/VelocityX -> 0.0
[2025-12-03 19:29:12.421] /avatar/parameters/VelocityZ -> -2.9393978118896484
[2025-12-03 19:29:12.421] /avatar/parameters/VelocityMagnitude -> 0.0
[2025-12-03 19:29:12.426] /avatar/parameters/VelocityZ -> -2.8774867057800293
[2025-12-03 19:29:12.432] /avatar/parameters/VelocityZ -> -2.816880702972412
[2025-12-03 19:29:12.439] /avatar/parameters/VelocityZ -> -2.7562716007232666
[2025-12-03 19:29:12.445] /avatar/parameters/VelocityZ -> -2.6956686973571777
[2025-12-03 19:29:12.451] /avatar/parameters/VelocityZ -> -2.6350536346435547
[2025-12-03 19:29:12.457] /avatar/parameters/VelocityZ -> -2.5721685886383057
[2025-12-03 19:29:12.463] /avatar/parameters/VelocityZ -> -2.511561632156372
[2025-12-03 19:29:12.469] /avatar/parameters/VelocityZ -> -2.450946569442749
[2025-12-03 19:29:12.475] /avatar/parameters/VelocityZ -> -2.390345573425293
[2025-12-03 19:29:12.481] /avatar/parameters/VelocityZ -> -2.3297336101531982
[2025-12-03 19:29:12.488] /avatar/parameters/VelocityZ -> -2.2670207023620605
[2025-12-03 19:29:12.493] /avatar/parameters/VelocityZ -> -2.206028699874878
[2025-12-03 19:29:12.499] /avatar/parameters/VelocityZ -> -2.1454195976257324
[2025-12-03 19:29:12.506] /avatar/parameters/VelocityZ -> -2.0848145484924316
[2025-12-03 19:29:12.512] /avatar/parameters/VelocityZ -> -2.0239474773406982
[2025-12-03 19:29:12.518] /avatar/parameters/VelocityZ -> -1.9633435010910034
[2025-12-03 19:29:12.524] /avatar/parameters/VelocityZ -> -1.9027395248413086
[2025-12-03 19:29:12.530] /avatar/parameters/VelocityZ -> -1.8421305418014526
[2025-12-03 19:29:12.536] /avatar/parameters/VelocityZ -> -1.7815195322036743
[2025-12-03 19:29:12.542] /avatar/parameters/VelocityZ -> -1.7200815677642822
[2025-12-03 19:29:12.548] /avatar/parameters/VelocityZ -> -1.6594566106796265
[2025-12-03 19:29:12.555] /avatar/parameters/VelocityZ -> -1.5950886011123657
[2025-12-03 19:29:12.561] /avatar/parameters/VelocityZ -> -1.5316286087036133
[2025-12-03 19:29:12.567] /avatar/parameters/VelocityZ -> -1.4666045904159546
[2025-12-03 19:29:12.574] /avatar/parameters/VelocityZ -> -1.4052906036376953
[2025-12-03 19:29:12.580] /avatar/parameters/VelocityZ -> -1.3402706384658813
[2025-12-03 19:29:12.587] /avatar/parameters/VelocityZ -> -1.2771546840667725
[2025-12-03 19:29:12.593] /avatar/parameters/VelocityZ -> -1.2129946947097778
[2025-12-03 19:29:12.599] /avatar/parameters/VelocityZ -> -1.15182363986969
[2025-12-03 19:29:12.605] /avatar/parameters/VelocityZ -> -1.091214656829834
[2025-12-03 19:29:12.611] /avatar/parameters/VelocityZ -> -1.02920663356781
[2025-12-03 19:29:12.617] /avatar/parameters/VelocityZ -> -0.9686046242713928
[2025-12-03 19:29:12.623] /avatar/parameters/VelocityZ -> -0.9079906344413757
[2025-12-03 19:29:12.630] /avatar/parameters/VelocityZ -> -0.8466946482658386
[2025-12-03 19:29:12.637] /avatar/parameters/VelocityZ -> -0.7791556715965271
[2025-12-03 19:29:12.642] /avatar/parameters/VelocityZ -> -0.715278685092926
[2025-12-03 19:29:12.649] /avatar/parameters/VelocityZ -> -0.65467369556427
[2025-12-03 19:29:12.655] /avatar/parameters/VelocityZ -> -0.5940676927566528
[2025-12-03 19:29:12.661] /avatar/parameters/VelocityZ -> -0.5334556698799133
[2025-12-03 19:29:12.667] /avatar/parameters/VelocityZ -> -0.472846657037735
[2025-12-03 19:29:12.673] /avatar/parameters/VelocityZ -> -0.41223666071891785
[2025-12-03 19:29:12.679] /avatar/parameters/VelocityZ -> -0.350887656211853
[2025-12-03 19:29:12.685] /avatar/parameters/VelocityZ -> -0.29028865694999695
[2025-12-03 19:29:12.691] /avatar/parameters/VelocityZ -> -0.22929266095161438
[2025-12-03 19:29:12.697] /avatar/parameters/VelocityZ -> -0.16868166625499725
[2025-12-03 19:29:12.703] /avatar/parameters/VelocityZ -> -0.1080806627869606
[2025-12-03 19:29:12.709] /avatar/parameters/VelocityZ -> -0.04487066715955734
[2025-12-03 19:29:12.715] /avatar/parameters/VelocityZ -> 0.0
[2025-12-03 19:29:14.939] /avatar/parameters/VelocityX -> 1.1920928955078125e-07
[2025-12-03 19:29:14.940] /avatar/parameters/VelocityZ -> 0.06060300022363663
[2025-12-03 19:29:14.940] /avatar/parameters/VelocityMagnitude -> 3.000000238418579
[2025-12-03 19:29:14.948] /avatar/parameters/VelocityZ -> 0.15043500065803528
[2025-12-03 19:29:14.955] /avatar/parameters/VelocityZ -> 0.2110529989004135
[2025-12-03 19:29:14.963] /avatar/parameters/VelocityZ -> 0.3011130094528198
[2025-12-03 19:29:14.970] /avatar/parameters/VelocityZ -> 0.3617350161075592
[2025-12-03 19:29:14.979] /avatar/parameters/VelocityZ -> 0.4557490050792694
[2025-12-03 19:29:14.985] /avatar/parameters/VelocityZ -> 0.51978999376297
[2025-12-03 19:29:14.991] /avatar/parameters/VelocityZ -> 0.5803999900817871
[2025-12-03 19:29:14.999] /avatar/parameters/VelocityZ -> 0.6648979783058167
[2025-12-03 19:29:15.006] /avatar/parameters/VelocityZ -> 0.7255129814147949
[2025-12-03 19:29:15.015] /avatar/parameters/VelocityZ -> 0.8166439533233643
[2025-12-03 19:29:15.021] /avatar/parameters/VelocityZ -> 0.8772669434547424
[2025-12-03 19:29:15.030] /avatar/parameters/VelocityZ -> 0.9755869507789612
[2025-12-03 19:29:15.037] /avatar/parameters/VelocityZ -> 1.0361939668655396
[2025-12-03 19:29:15.045] /avatar/parameters/VelocityZ -> 1.1220899820327759
[2025-12-03 19:29:15.051] /avatar/parameters/VelocityZ -> 1.182703971862793
[2025-12-03 19:29:15.057] /avatar/parameters/VelocityZ -> 1.2433109283447266
[2025-12-03 19:29:15.066] /avatar/parameters/VelocityZ -> 1.3314199447631836
[2025-12-03 19:29:15.073] /avatar/parameters/VelocityZ -> 1.3920269012451172
[2025-12-03 19:29:15.082] /avatar/parameters/VelocityZ -> 1.4852728843688965
[2025-12-03 19:29:15.088] /avatar/parameters/VelocityZ -> 1.5458829402923584
[2025-12-03 19:29:15.097] /avatar/parameters/VelocityZ -> 1.6356189250946045
[2025-12-03 19:29:15.102] /avatar/parameters/VelocityZ -> 1.6962388753890991
[2025-12-03 19:29:15.111] /avatar/parameters/VelocityZ -> 1.7808018922805786
[2025-12-03 19:29:15.116] /avatar/parameters/VelocityZ -> 1.8414229154586792
[2025-12-03 19:29:15.123] /avatar/parameters/VelocityZ -> 1.9020229578018188
[2025-12-03 19:29:15.133] /avatar/parameters/VelocityZ -> 2.0030930042266846
[2025-12-03 19:29:15.140] /avatar/parameters/VelocityZ -> 2.0637121200561523
[2025-12-03 19:29:15.148] /avatar/parameters/VelocityZ -> 2.149294137954712
[2025-12-03 19:29:15.155] /avatar/parameters/VelocityZ -> 2.2116410732269287
[2025-12-03 19:29:15.164] /avatar/parameters/VelocityZ -> 2.305783987045288
[2025-12-03 19:29:15.170] /avatar/parameters/VelocityZ -> 2.366384983062744
[2025-12-03 19:29:15.178] /avatar/parameters/VelocityZ -> 2.4564108848571777
[2025-12-03 19:29:15.184] /avatar/parameters/VelocityZ -> 2.517016887664795
[2025-12-03 19:29:15.191] /avatar/parameters/VelocityZ -> 2.577622890472412
[2025-12-03 19:29:15.199] /avatar/parameters/VelocityZ -> 2.6634328365325928
[2025-12-03 19:29:15.205] /avatar/parameters/VelocityZ -> 2.724047899246216
[2025-12-03 19:29:15.214] /avatar/parameters/VelocityZ -> 2.806574821472168
[2025-12-03 19:29:15.220] /avatar/parameters/VelocityZ -> 2.867201805114746
[2025-12-03 19:29:15.229] /avatar/parameters/VelocityZ -> 2.960789918899536
[2025-12-03 19:29:15.235] /avatar/parameters/VelocityZ -> 3.0000007152557373
[2025-12-03 19:29:15.321] /avatar/parameters/VelocityX -> 0.0
[2025-12-03 19:29:15.322] /avatar/parameters/VelocityZ -> 2.9393887519836426
[2025-12-03 19:29:15.322] /avatar/parameters/VelocityMagnitude -> 0.0
[2025-12-03 19:29:15.327] /avatar/parameters/VelocityZ -> 2.8787927627563477
[2025-12-03 19:29:15.333] /avatar/parameters/VelocityZ -> 2.818189859390259
[2025-12-03 19:29:15.340] /avatar/parameters/VelocityZ -> 2.757577896118164
[2025-12-03 19:29:15.345] /avatar/parameters/VelocityZ -> 2.696962833404541
[2025-12-03 19:29:15.353] /avatar/parameters/VelocityZ -> 2.6363587379455566
[2025-12-03 19:29:15.358] /avatar/parameters/VelocityZ -> 2.5757367610931396
[2025-12-03 19:29:15.364] /avatar/parameters/VelocityZ -> 2.5151376724243164
[2025-12-03 19:29:15.371] /avatar/parameters/VelocityZ -> 2.453725576400757
[2025-12-03 19:29:15.377] /avatar/parameters/VelocityZ -> 2.3907315731048584
[2025-12-03 19:29:15.384] /avatar/parameters/VelocityZ -> 2.3257646560668945
[2025-12-03 19:29:15.390] /avatar/parameters/VelocityZ -> 2.2647407054901123
[2025-12-03 19:29:15.395] /avatar/parameters/VelocityZ -> 2.2041327953338623
[2025-12-03 19:29:15.402] /avatar/parameters/VelocityZ -> 2.1435158252716064
[2025-12-03 19:29:15.408] /avatar/parameters/VelocityZ -> 2.0824477672576904
[2025-12-03 19:29:15.414] /avatar/parameters/VelocityZ -> 2.0218567848205566
[2025-12-03 19:29:15.419] /avatar/parameters/VelocityZ -> 1.9612427949905396
[2025-12-03 19:29:15.425] /avatar/parameters/VelocityZ -> 1.9006397724151611
[2025-12-03 19:29:15.431] /avatar/parameters/VelocityZ -> 1.8400177955627441
[2025-12-03 19:29:15.438] /avatar/parameters/VelocityZ -> 1.7794097661972046
[2025-12-03 19:29:15.443] /avatar/parameters/VelocityZ -> 1.7188087701797485
[2025-12-03 19:29:15.449] /avatar/parameters/VelocityZ -> 1.6581977605819702
[2025-12-03 19:29:15.456] /avatar/parameters/VelocityZ -> 1.5975927114486694
[2025-12-03 19:29:15.462] /avatar/parameters/VelocityZ -> 1.536990761756897
[2025-12-03 19:29:15.468] /avatar/parameters/VelocityZ -> 1.4763847589492798
[2025-12-03 19:29:15.475] /avatar/parameters/VelocityZ -> 1.4157687425613403
[2025-12-03 19:29:15.480] /avatar/parameters/VelocityZ -> 1.3551627397537231
[2025-12-03 19:29:15.487] /avatar/parameters/VelocityZ -> 1.2945507764816284
[2025-12-03 19:29:15.493] /avatar/parameters/VelocityZ -> 1.2339518070220947
[2025-12-03 19:29:15.499] /avatar/parameters/VelocityZ -> 1.173346757888794
[2025-12-03 19:29:15.505] /avatar/parameters/VelocityX -> -1.1920928955078125e-07
[2025-12-03 19:29:15.506] /avatar/parameters/VelocityZ -> 1.1127307415008545
[2025-12-03 19:29:15.506] /avatar/parameters/VelocityMagnitude -> 3.000000238418579
[2025-12-03 19:29:15.514] /avatar/parameters/VelocityZ -> 1.0175716876983643
[2025-12-03 19:29:15.520] /avatar/parameters/VelocityZ -> 0.9569706916809082
[2025-12-03 19:29:15.529] /avatar/parameters/VelocityZ -> 0.8581976890563965
[2025-12-03 19:29:15.536] /avatar/parameters/VelocityZ -> 0.7975736856460571
[2025-12-03 19:29:15.546] /avatar/parameters/VelocityZ -> 0.6964646577835083
[2025-12-03 19:29:15.552] /avatar/parameters/VelocityZ -> 0.6358596682548523
[2025-12-03 19:29:15.560] /avatar/parameters/VelocityZ -> 0.5524906516075134
[2025-12-03 19:29:15.566] /avatar/parameters/VelocityZ -> 0.4918656349182129
[2025-12-03 19:29:15.573] /avatar/parameters/VelocityZ -> 0.4312736392021179
[2025-12-03 19:29:15.581] /avatar/parameters/VelocityZ -> 0.34559065103530884
[2025-12-03 19:29:15.588] /avatar/parameters/VelocityZ -> 0.28498566150665283
[2025-12-03 19:29:15.597] /avatar/parameters/VelocityZ -> 0.18559466302394867
[2025-12-03 19:29:15.603] /avatar/parameters/VelocityZ -> 0.12497766315937042
[2025-12-03 19:29:15.612] /avatar/parameters/VelocityZ -> 0.029373668134212494
[2025-12-03 19:29:15.619] /avatar/parameters/VelocityZ -> -0.031242333352565765
[2025-12-03 19:29:15.628] /avatar/parameters/VelocityZ -> -0.12368232756853104
[2025-12-03 19:29:15.634] /avatar/parameters/VelocityZ -> -0.1858363300561905
[2025-12-03 19:29:15.641] /avatar/parameters/VelocityZ -> -0.24644532799720764
[2025-12-03 19:29:15.650] /avatar/parameters/VelocityZ -> -0.3448063135147095
[2025-12-03 19:29:15.657] /avatar/parameters/VelocityZ -> -0.40541231632232666
[2025-12-03 19:29:15.665] /avatar/parameters/VelocityZ -> -0.49716830253601074
[2025-12-03 19:29:15.671] /avatar/parameters/VelocityZ -> -0.557770311832428
[2025-12-03 19:29:15.680] /avatar/parameters/VelocityZ -> -0.6462522745132446
[2025-12-03 19:29:15.687] /avatar/parameters/VelocityZ -> -0.7067002654075623
[2025-12-03 19:29:15.695] /avatar/parameters/VelocityZ -> -0.7976682782173157
[2025-12-03 19:29:15.701] /avatar/parameters/VelocityZ -> -0.8582772612571716
[2025-12-03 19:29:15.708] /avatar/parameters/VelocityZ -> -0.9188892841339111
[2025-12-03 19:29:15.717] /avatar/parameters/VelocityZ -> -1.0129992961883545
[2025-12-03 19:29:15.723] /avatar/parameters/VelocityZ -> -1.073602318763733
[2025-12-03 19:29:15.732] /avatar/parameters/VelocityZ -> -1.1669663190841675
[2025-12-03 19:29:15.739] /avatar/parameters/VelocityZ -> -1.2275803089141846
[2025-12-03 19:29:15.748] /avatar/parameters/VelocityZ -> -1.3188042640686035
[2025-12-03 19:29:15.748] /avatar/parameters/VelocityY -> 4.0
[2025-12-03 19:29:15.749] /avatar/parameters/VelocityMagnitude -> 5.0
[2025-12-03 19:29:15.754] /avatar/parameters/VelocityX -> -2.384185791015625e-07
[2025-12-03 19:29:15.755] /avatar/parameters/VelocityZ -> -1.3794173002243042
[2025-12-03 19:29:15.755] /avatar/parameters/VelocityY -> 3.8364999294281006
[2025-12-03 19:29:15.756] /avatar/parameters/VelocityMagnitude -> 4.963994026184082
[2025-12-03 19:29:15.756] /avatar/parameters/Grounded -> False
[2025-12-03 19:29:15.765] /avatar/parameters/VelocityZ -> -1.4871063232421875
[2025-12-03 19:29:15.771] /avatar/parameters/VelocityZ -> -1.5477102994918823
[2025-12-03 19:29:15.771] /avatar/parameters/VelocityY -> 3.672999858856201
[2025-12-03 19:29:15.772] /avatar/parameters/VelocityMagnitude -> 4.838742733001709
[2025-12-03 19:29:15.780] /avatar/parameters/VelocityZ -> -1.6387943029403687
[2025-12-03 19:29:15.786] /avatar/parameters/VelocityZ -> -1.7014023065567017
[2025-12-03 19:29:15.787] /avatar/parameters/VelocityY -> 3.5094997882843018
[2025-12-03 19:29:15.787] /avatar/parameters/VelocityMagnitude -> 4.715834140777588
[2025-12-03 19:29:15.795] /avatar/parameters/VelocityZ -> -1.793397307395935
[2025-12-03 19:29:15.801] /avatar/parameters/VelocityZ -> -1.8540133237838745
[2025-12-03 19:29:15.807] /avatar/parameters/VelocityZ -> -1.9146183729171753
[2025-12-03 19:29:15.808] /avatar/parameters/VelocityY -> 3.3459997177124023
[2025-12-03 19:29:15.808] /avatar/parameters/VelocityMagnitude -> 4.595456123352051
[2025-12-03 19:29:15.816] /avatar/parameters/VelocityZ -> -1.9992903470993042
[2025-12-03 19:29:15.822] /avatar/parameters/VelocityZ -> -2.0598902702331543
[2025-12-03 19:29:15.823] /avatar/parameters/VelocityY -> 3.182499647140503
[2025-12-03 19:29:15.824] /avatar/parameters/VelocityMagnitude -> 4.477812767028809
[2025-12-03 19:29:15.832] /avatar/parameters/VelocityZ -> -2.165295362472534
[2025-12-03 19:29:15.839] /avatar/parameters/VelocityZ -> -2.227090358734131
[2025-12-03 19:29:15.839] /avatar/parameters/VelocityY -> 3.0189995765686035
[2025-12-03 19:29:15.840] /avatar/parameters/VelocityMagnitude -> 4.363125324249268
[2025-12-03 19:29:15.848] /avatar/parameters/VelocityZ -> -2.320674419403076
[2025-12-03 19:29:15.854] /avatar/parameters/VelocityZ -> -2.3812973499298096
[2025-12-03 19:29:15.855] /avatar/parameters/VelocityY -> 2.855499505996704
[2025-12-03 19:29:15.855] /avatar/parameters/VelocityMagnitude -> 4.2516326904296875
[2025-12-03 19:29:15.862] /avatar/parameters/VelocityZ -> -2.46466326713562
[2025-12-03 19:29:15.868] /avatar/parameters/VelocityZ -> -2.5252742767333984
[2025-12-03 19:29:15.875] /avatar/parameters/VelocityZ -> -2.5867111682891846
[2025-12-03 19:29:15.876] /avatar/parameters/VelocityY -> 2.6919994354248047
[2025-12-03 19:29:15.876] /avatar/parameters/VelocityMagnitude -> 4.1435933113098145
[2025-12-03 19:29:15.884] /avatar/parameters/VelocityZ -> -2.6836302280426025
[2025-12-03 19:29:15.890] /avatar/parameters/VelocityZ -> -2.744455337524414
[2025-12-03 19:29:15.891] /avatar/parameters/VelocityY -> 2.5284993648529053
[2025-12-03 19:29:15.892] /avatar/parameters/VelocityMagnitude -> 4.039283275604248
[2025-12-03 19:29:15.900] /avatar/parameters/VelocityZ -> -2.8475594520568848
[2025-12-03 19:29:15.907] /avatar/parameters/VelocityZ -> -2.908182382583618
[2025-12-03 19:29:15.908] /avatar/parameters/VelocityY -> 2.364999294281006
[2025-12-03 19:29:15.908] /avatar/parameters/VelocityMagnitude -> 3.939000368118286
[2025-12-03 19:29:15.916] /avatar/parameters/VelocityZ -> -3.005742311477661
[2025-12-03 19:29:15.923] /avatar/parameters/VelocityZ -> -3.0663483142852783
[2025-12-03 19:29:15.924] /avatar/parameters/VelocityY -> 2.2014992237091064
[2025-12-03 19:29:15.924] /avatar/parameters/VelocityMagnitude -> 3.8430590629577637
[2025-12-03 19:29:15.933] /avatar/parameters/VelocityZ -> -3.15000057220459
[2025-12-03 19:29:15.939] /avatar/parameters/VelocityY -> 2.037999153137207
[2025-12-03 19:29:15.940] /avatar/parameters/VelocityMagnitude -> 3.7517919540405273
[2025-12-03 19:29:15.954] /avatar/parameters/VelocityY -> 1.8744990825653076
[2025-12-03 19:29:15.954] /avatar/parameters/VelocityMagnitude -> 3.6655490398406982
[2025-12-03 19:29:15.969] /avatar/parameters/VelocityY -> 1.7109990119934082
[2025-12-03 19:29:15.969] /avatar/parameters/VelocityMagnitude -> 3.5846924781799316
[2025-12-03 19:29:15.990] /avatar/parameters/VelocityY -> 1.5474989414215088
[2025-12-03 19:29:15.991] /avatar/parameters/VelocityMagnitude -> 3.5095949172973633
[2025-12-03 19:29:16.006] /avatar/parameters/VelocityY -> 1.3839988708496094
[2025-12-03 19:29:16.006] /avatar/parameters/VelocityMagnitude -> 3.4406330585479736
[2025-12-03 19:29:16.022] /avatar/parameters/VelocityY -> 1.22049880027771
[2025-12-03 19:29:16.022] /avatar/parameters/VelocityMagnitude -> 3.378183126449585
[2025-12-03 19:29:16.038] /avatar/parameters/VelocityY -> 1.0569987297058105
[2025-12-03 19:29:16.038] /avatar/parameters/VelocityMagnitude -> 3.3226118087768555
[2025-12-03 19:29:16.055] /avatar/parameters/VelocityY -> 0.8934987187385559
[2025-12-03 19:29:16.056] /avatar/parameters/VelocityMagnitude -> 3.2742698192596436
[2025-12-03 19:29:16.070] /avatar/parameters/VelocityY -> 0.7299987077713013
[2025-12-03 19:29:16.071] /avatar/parameters/VelocityMagnitude -> 3.2334814071655273
[2025-12-03 19:29:16.091] /avatar/parameters/VelocityY -> 0.5664986968040466
[2025-12-03 19:29:16.091] /avatar/parameters/VelocityMagnitude -> 3.2005348205566406
[2025-12-03 19:29:16.106] /avatar/parameters/VelocityY -> 0.402998685836792
[2025-12-03 19:29:16.107] /avatar/parameters/VelocityMagnitude -> 3.1756749153137207
[2025-12-03 19:29:16.120] /avatar/parameters/VelocityY -> 0.23949867486953735
[2025-12-03 19:29:16.121] /avatar/parameters/VelocityMagnitude -> 3.1590919494628906
[2025-12-03 19:29:16.136] /avatar/parameters/VelocityY -> 0.07599866390228271
[2025-12-03 19:29:16.137] /avatar/parameters/VelocityMagnitude -> 3.1509170532226562
[2025-12-03 19:29:16.152] /avatar/parameters/VelocityY -> -0.08750134706497192
[2025-12-03 19:29:16.153] /avatar/parameters/VelocityMagnitude -> 3.1512155532836914
[2025-12-03 19:29:16.172] /avatar/parameters/VelocityY -> -0.25100135803222656
[2025-12-03 19:29:16.173] /avatar/parameters/VelocityMagnitude -> 3.159984827041626
[2025-12-03 19:29:16.188] /avatar/parameters/VelocityY -> -0.4145013689994812
[2025-12-03 19:29:16.189] /avatar/parameters/VelocityMagnitude -> 3.177155017852783
[2025-12-03 19:29:16.204] /avatar/parameters/VelocityY -> -0.5780013799667358
[2025-12-03 19:29:16.204] /avatar/parameters/VelocityMagnitude -> 3.2025909423828125
[2025-12-03 19:29:16.219] /avatar/parameters/VelocityY -> -0.7415013909339905
[2025-12-03 19:29:16.220] /avatar/parameters/VelocityMagnitude -> 3.236097574234009
[2025-12-03 19:29:16.239] /avatar/parameters/VelocityY -> -0.9050014019012451
[2025-12-03 19:29:16.240] /avatar/parameters/VelocityMagnitude -> 3.2774274349212646
[2025-12-03 19:29:16.255] /avatar/parameters/VelocityY -> -1.0685014724731445
[2025-12-03 19:29:16.255] /avatar/parameters/VelocityMagnitude -> 3.326288938522339
[2025-12-03 19:29:16.271] /avatar/parameters/VelocityY -> -1.232001543045044
[2025-12-03 19:29:16.271] /avatar/parameters/VelocityMagnitude -> 3.3823556900024414
[2025-12-03 19:29:16.287] /avatar/parameters/VelocityY -> -1.3955016136169434
[2025-12-03 19:29:16.287] /avatar/parameters/VelocityMagnitude -> 3.4452762603759766
[2025-12-03 19:29:16.308] /avatar/parameters/VelocityY -> -1.5590016841888428
[2025-12-03 19:29:16.308] /avatar/parameters/VelocityMagnitude -> 3.5146820545196533
[2025-12-03 19:29:16.324] /avatar/parameters/VelocityY -> -1.7225017547607422
[2025-12-03 19:29:16.324] /avatar/parameters/VelocityMagnitude -> 3.5901970863342285
[2025-12-03 19:29:16.338] /avatar/parameters/VelocityY -> -1.8860018253326416
[2025-12-03 19:29:16.339] /avatar/parameters/VelocityMagnitude -> 3.6714446544647217
[2025-12-03 19:29:16.353] /avatar/parameters/VelocityY -> -2.049501895904541
[2025-12-03 19:29:16.354] /avatar/parameters/VelocityMagnitude -> 3.7580528259277344
[2025-12-03 19:29:16.374] /avatar/parameters/VelocityY -> -2.2130019664764404
[2025-12-03 19:29:16.375] /avatar/parameters/VelocityMagnitude -> 3.8496596813201904
[2025-12-03 19:29:16.389] /avatar/parameters/VelocityY -> -2.37650203704834
[2025-12-03 19:29:16.390] /avatar/parameters/VelocityMagnitude -> 3.9459176063537598
[2025-12-03 19:29:16.405] /avatar/parameters/VelocityY -> -2.5400021076202393
[2025-12-03 19:29:16.405] /avatar/parameters/VelocityMagnitude -> 4.046494007110596
[2025-12-03 19:29:16.422] /avatar/parameters/VelocityY -> -2.7035021781921387
[2025-12-03 19:29:16.422] /avatar/parameters/VelocityMagnitude -> 4.15107536315918
[2025-12-03 19:29:16.437] /avatar/parameters/VelocityY -> -2.867002248764038
[2025-12-03 19:29:16.437] /avatar/parameters/VelocityMagnitude -> 4.259366512298584
[2025-12-03 19:29:16.457] /avatar/parameters/VelocityY -> -3.0305023193359375
[2025-12-03 19:29:16.458] /avatar/parameters/VelocityMagnitude -> 4.371092319488525
[2025-12-03 19:29:16.472] /avatar/parameters/VelocityY -> -3.194002389907837
[2025-12-03 19:29:16.472] /avatar/parameters/VelocityMagnitude -> 4.485995292663574
[2025-12-03 19:29:16.486] /avatar/parameters/VelocityY -> -3.3575024604797363
[2025-12-03 19:29:16.487] /avatar/parameters/VelocityMagnitude -> 4.603837966918945
[2025-12-03 19:29:16.507] /avatar/parameters/VelocityY -> -3.5210025310516357
[2025-12-03 19:29:16.507] /avatar/parameters/VelocityMagnitude -> 4.724400520324707
[2025-12-03 19:29:16.523] /avatar/parameters/VelocityY -> -3.684502601623535
[2025-12-03 19:29:16.524] /avatar/parameters/VelocityMagnitude -> 4.847479820251465
[2025-12-03 19:29:16.537] /avatar/parameters/VelocityY -> 0.0
[2025-12-03 19:29:16.538] /avatar/parameters/VelocityMagnitude -> 3.1500003337860107
[2025-12-03 19:29:16.538] /avatar/parameters/Grounded -> True
[2025-12-03 19:29:16.552] /avatar/parameters/VelocityX -> 0.0
[2025-12-03 19:29:16.553] /avatar/parameters/VelocityZ -> -3.0893776416778564
[2025-12-03 19:29:16.554] /avatar/parameters/VelocityMagnitude -> 0.0
[2025-12-03 19:29:16.561] /avatar/parameters/VelocityZ -> -2.9969875812530518
[2025-12-03 19:29:16.568] /avatar/parameters/VelocityZ -> -2.930898666381836
[2025-12-03 19:29:16.574] /avatar/parameters/VelocityZ -> -2.8653037548065186
[2025-12-03 19:29:16.581] /avatar/parameters/VelocityZ -> -2.7957208156585693
[2025-12-03 19:29:16.588] /avatar/parameters/VelocityZ -> -2.7337327003479004
[2025-12-03 19:29:16.595] /avatar/parameters/VelocityZ -> -2.663642644882202
[2025-12-03 19:29:16.601] /avatar/parameters/VelocityZ -> -2.600311756134033
[2025-12-03 19:29:16.608] /avatar/parameters/VelocityZ -> -2.5324337482452393
[2025-12-03 19:29:16.615] /avatar/parameters/VelocityZ -> -2.45609974861145
[2025-12-03 19:29:16.623] /avatar/parameters/VelocityZ -> -2.3900797367095947
[2025-12-03 19:29:16.629] /avatar/parameters/VelocityZ -> -2.320983648300171
[2025-12-03 19:29:16.636] /avatar/parameters/VelocityZ -> -2.2603635787963867
[2025-12-03 19:29:16.642] /avatar/parameters/VelocityZ -> -2.1941967010498047
[2025-12-03 19:29:16.649] /avatar/parameters/VelocityZ -> -2.1304526329040527
[2025-12-03 19:29:16.655] /avatar/parameters/VelocityZ -> -2.0629637241363525
[2025-12-03 19:29:16.661] /avatar/parameters/VelocityZ -> -2.002359628677368
[2025-12-03 19:29:16.668] /avatar/parameters/VelocityZ -> -1.9392375946044922
[2025-12-03 19:29:16.675] /avatar/parameters/VelocityZ -> -1.8709286451339722
[2025-12-03 19:29:16.682] /avatar/parameters/VelocityZ -> -1.798418641090393
[2025-12-03 19:29:16.688] /avatar/parameters/VelocityZ -> -1.735918641090393
[2025-12-03 19:29:16.695] /avatar/parameters/VelocityZ -> -1.6678606271743774
[2025-12-03 19:29:16.701] /avatar/parameters/VelocityZ -> -1.6072466373443604
[2025-12-03 19:29:16.707] /avatar/parameters/VelocityZ -> -1.5444285869598389
[2025-12-03 19:29:16.713] /avatar/parameters/VelocityZ -> -1.4744515419006348
[2025-12-03 19:29:16.720] /avatar/parameters/VelocityZ -> -1.4083125591278076
[2025-12-03 19:29:16.727] /avatar/parameters/VelocityZ -> -1.3378815650939941
[2025-12-03 19:29:16.733] /avatar/parameters/VelocityZ -> -1.2770185470581055
[2025-12-03 19:29:16.740] /avatar/parameters/VelocityZ -> -1.2112575769424438
[2025-12-03 19:29:16.747] /avatar/parameters/VelocityZ -> -1.1388416290283203
[2025-12-03 19:29:16.754] /avatar/parameters/VelocityZ -> -1.0726596117019653
[2025-12-03 19:29:16.760] /avatar/parameters/VelocityZ -> -1.0095865726470947
[2025-12-03 19:29:16.766] /avatar/parameters/VelocityZ -> -0.9489775896072388
[2025-12-03 19:29:16.773] /avatar/parameters/VelocityZ -> -0.8883575797080994
[2025-12-03 19:29:16.779] /avatar/parameters/VelocityZ -> -0.823085606098175
[2025-12-03 19:29:16.786] /avatar/parameters/VelocityZ -> -0.7596756219863892
[2025-12-03 19:29:16.792] /avatar/parameters/VelocityZ -> -0.6975595951080322
[2025-12-03 19:29:16.798] /avatar/parameters/VelocityZ -> -0.6330525875091553
[2025-12-03 19:29:16.804] /avatar/parameters/VelocityZ -> -0.572441577911377
[2025-12-03 19:29:16.811] /avatar/parameters/VelocityZ -> -0.5038005709648132
[2025-12-03 19:29:16.817] /avatar/parameters/VelocityZ -> -0.44319355487823486
[2025-12-03 19:29:16.824] /avatar/parameters/VelocityZ -> -0.3782435655593872
[2025-12-03 19:29:16.830] /avatar/parameters/VelocityZ -> -0.31412458419799805
[2025-12-03 19:29:16.837] /avatar/parameters/VelocityZ -> -0.24987858533859253
[2025-12-03 19:29:16.843] /avatar/parameters/VelocityZ -> -0.18152958154678345
[2025-12-03 19:29:16.850] /avatar/parameters/VelocityZ -> -0.11677257716655731
[2025-12-03 19:29:16.857] /avatar/parameters/VelocityZ -> -0.04834757745265961
[2025-12-03 19:29:16.864] /avatar/parameters/VelocityZ -> 0.0
[2025-12-03 19:29:17.206] /avatar/parameters/VelocityX -> 1.1920928955078125e-07
[2025-12-03 19:29:17.207] /avatar/parameters/VelocityZ -> 0.06062199920415878
[2025-12-03 19:29:17.207] /avatar/parameters/VelocityMagnitude -> 3.000000238418579
[2025-12-03 19:29:17.214] /avatar/parameters/VelocityZ -> 0.13571999967098236
[2025-12-03 19:29:17.220] /avatar/parameters/VelocityZ -> 0.1963140070438385
[2025-12-03 19:29:17.226] /avatar/parameters/VelocityZ -> 0.26651298999786377
[2025-12-03 19:29:17.232] /avatar/parameters/VelocityZ -> 0.32712000608444214
[2025-12-03 19:29:17.239] /avatar/parameters/VelocityZ -> 0.3883799910545349
[2025-12-03 19:29:17.246] /avatar/parameters/VelocityZ -> 0.4588949978351593
[2025-12-03 19:29:17.252] /avatar/parameters/VelocityZ -> 0.5194979906082153
[2025-12-03 19:29:17.259] /avatar/parameters/VelocityZ -> 0.5951429605484009
[2025-12-03 19:29:17.265] /avatar/parameters/VelocityZ -> 0.6557579636573792
[2025-12-03 19:29:17.272] /avatar/parameters/VelocityZ -> 0.716361939907074
[2025-12-03 19:29:17.279] /avatar/parameters/VelocityZ -> 0.78631192445755
[2025-12-03 19:29:17.285] /avatar/parameters/VelocityZ -> 0.8469179272651672
[2025-12-03 19:29:17.291] /avatar/parameters/VelocityZ -> 0.9075279235839844
[2025-12-03 19:29:17.298] /avatar/parameters/VelocityZ -> 0.9785538911819458
[2025-12-03 19:29:17.304] /avatar/parameters/VelocityZ -> 1.0391708612442017
[2025-12-03 19:29:17.311] /avatar/parameters/VelocityZ -> 1.1127238273620605
[2025-12-03 19:29:17.317] /avatar/parameters/VelocityZ -> 1.1733307838439941
[2025-12-03 19:29:17.324] /avatar/parameters/VelocityZ -> 1.23393976688385
[2025-12-03 19:29:17.330] /avatar/parameters/VelocityZ -> 1.3022587299346924
[2025-12-03 19:29:17.336] /avatar/parameters/VelocityX -> -0.0018061399459838867
[2025-12-03 19:29:17.336] /avatar/parameters/VelocityZ -> 1.362866759300232
[2025-12-03 19:29:17.337] /avatar/parameters/VelocityMagnitude -> 2.9729135036468506
[2025-12-03 19:29:17.343] /avatar/parameters/VelocityZ -> 1.4291397333145142
[2025-12-03 19:29:17.349] /avatar/parameters/VelocityZ -> 1.4897457361221313
[2025-12-03 19:29:17.356] /avatar/parameters/VelocityX -> 1.1920928955078125e-07
[2025-12-03 19:29:17.356] /avatar/parameters/VelocityZ -> 1.5503556728363037
[2025-12-03 19:29:17.356] /avatar/parameters/VelocityMagnitude -> 3.000000238418579
[2025-12-03 19:29:17.363] /avatar/parameters/VelocityZ -> 1.6250126361846924
[2025-12-03 19:29:17.369] /avatar/parameters/VelocityZ -> 1.685625672340393
[2025-12-03 19:29:17.375] /avatar/parameters/VelocityZ -> 1.7534406185150146
[2025-12-03 19:29:17.381] /avatar/parameters/VelocityZ -> 1.814051628112793
[2025-12-03 19:29:17.387] /avatar/parameters/VelocityZ -> 1.8746616840362549
[2025-12-03 19:29:17.394] /avatar/parameters/VelocityZ -> 1.9493507146835327
[2025-12-03 19:29:17.403] /avatar/parameters/VelocityZ -> 2.0284507274627686
[2025-12-03 19:29:17.410] /avatar/parameters/VelocityZ -> 2.105686664581299
[2025-12-03 19:29:17.416] /avatar/parameters/VelocityZ -> 2.166306734085083
[2025-12-03 19:29:17.423] /avatar/parameters/VelocityZ -> 2.22820782661438
[2025-12-03 19:29:17.430] /avatar/parameters/VelocityZ -> 2.3034508228302
[2025-12-03 19:29:17.436] /avatar/parameters/VelocityZ -> 2.3640687465667725
[2025-12-03 19:29:17.443] /avatar/parameters/VelocityZ -> 2.436438798904419
[2025-12-03 19:29:17.449] /avatar/parameters/VelocityZ -> 2.4970438480377197
[2025-12-03 19:29:17.455] /avatar/parameters/VelocityZ -> 2.5576517581939697
[2025-12-03 19:29:17.462] /avatar/parameters/VelocityZ -> 2.6297287940979004
[2025-12-03 19:29:17.469] /avatar/parameters/VelocityZ -> 2.690333843231201
[2025-12-03 19:29:17.476] /avatar/parameters/VelocityZ -> 2.7662277221679688
[2025-12-03 19:29:17.482] /avatar/parameters/VelocityZ -> 2.8268346786499023
[2025-12-03 19:29:17.489] /avatar/parameters/VelocityZ -> 2.887448787689209
[2025-12-03 19:29:17.496] /avatar/parameters/VelocityZ -> 2.9648027420043945
[2025-12-03 19:29:17.502] /avatar/parameters/VelocityZ -> 3.0000007152557373
[2025-12-03 19:29:18.123] /avatar/parameters/VelocityX -> 0.0
[2025-12-03 19:29:18.124] /avatar/parameters/VelocityZ -> 2.9393887519836426
[2025-12-03 19:29:18.124] /avatar/parameters/VelocityMagnitude -> 0.0
[2025-12-03 19:29:18.129] /avatar/parameters/VelocityZ -> 2.8787808418273926
[2025-12-03 19:29:18.136] /avatar/parameters/VelocityZ -> 2.814368724822998
[2025-12-03 19:29:18.142] /avatar/parameters/VelocityZ -> 2.7537646293640137
[2025-12-03 19:29:18.148] /avatar/parameters/VelocityZ -> 2.693152666091919
[2025-12-03 19:29:18.154] /avatar/parameters/VelocityZ -> 2.6325435638427734
[2025-12-03 19:29:18.160] /avatar/parameters/VelocityZ -> 2.571922540664673
[2025-12-03 19:29:18.166] /avatar/parameters/VelocityZ -> 2.5113255977630615
[2025-12-03 19:29:18.172] /avatar/parameters/VelocityZ -> 2.450714588165283
[2025-12-03 19:29:18.178] /avatar/parameters/VelocityZ -> 2.3901116847991943
[2025-12-03 19:29:18.184] /avatar/parameters/VelocityZ -> 2.3294837474823
[2025-12-03 19:29:18.191] /avatar/parameters/VelocityZ -> 2.264976739883423
[2025-12-03 19:29:18.197] /avatar/parameters/VelocityZ -> 2.2043747901916504
[2025-12-03 19:29:18.203] /avatar/parameters/VelocityZ -> 2.143765687942505
[2025-12-03 19:29:18.208] /avatar/parameters/VelocityZ -> 2.083164691925049
[2025-12-03 19:29:18.215] /avatar/parameters/VelocityZ -> 2.0225536823272705
[2025-12-03 19:29:18.221] /avatar/parameters/VelocityZ -> 1.961950659751892
[2025-12-03 19:29:18.227] /avatar/parameters/VelocityZ -> 1.9013376235961914
[2025-12-03 19:29:18.233] /avatar/parameters/VelocityZ -> 1.840726613998413
[2025-12-03 19:29:18.239] /avatar/parameters/VelocityZ -> 1.7801196575164795
[2025-12-03 19:29:18.245] /avatar/parameters/VelocityZ -> 1.719516634941101
[2025-12-03 19:29:18.251] /avatar/parameters/VelocityZ -> 1.6589086055755615
[2025-12-03 19:29:18.258] /avatar/parameters/VelocityZ -> 1.5942646265029907
[2025-12-03 19:29:18.264] /avatar/parameters/VelocityZ -> 1.533660650253296
[2025-12-03 19:29:18.269] /avatar/parameters/VelocityZ -> 1.4730546474456787
[2025-12-03 19:29:18.275] /avatar/parameters/VelocityZ -> 1.4124397039413452
[2025-12-03 19:29:18.281] /avatar/parameters/VelocityZ -> 1.3518366813659668
[2025-12-03 19:29:18.287] /avatar/parameters/VelocityZ -> 1.2912286520004272
[2025-12-03 19:29:18.294] /avatar/parameters/VelocityZ -> 1.2268836498260498
[2025-12-03 19:29:18.300] /avatar/parameters/VelocityZ -> 1.1662696599960327
[2025-12-03 19:29:18.306] /avatar/parameters/VelocityZ -> 1.105665683746338
[2025-12-03 19:29:18.312] /avatar/parameters/VelocityZ -> 1.0450596809387207
[2025-12-03 19:29:18.319] /avatar/parameters/VelocityZ -> 0.9844467043876648
[2025-12-03 19:29:18.325] /avatar/parameters/VelocityZ -> 0.9238446950912476
[2025-12-03 19:29:18.331] /avatar/parameters/VelocityZ -> 0.8632317185401917
[2025-12-03 19:29:18.337] /avatar/parameters/VelocityZ -> 0.8026277422904968
[2025-12-03 19:29:18.343] /avatar/parameters/VelocityZ -> 0.7420147657394409
[2025-12-03 19:29:18.349] /avatar/parameters/VelocityZ -> 0.6814107894897461
[2025-12-03 19:29:18.355] /avatar/parameters/VelocityZ -> 0.6208018064498901
[2025-12-03 19:29:18.361] /avatar/parameters/VelocityZ -> 0.5601888298988342
[2025-12-03 19:29:18.367] /avatar/parameters/VelocityZ -> 0.4995858371257782
[2025-12-03 19:29:18.373] /avatar/parameters/VelocityZ -> 0.4389808475971222
[2025-12-03 19:29:18.379] /avatar/parameters/VelocityZ -> 0.37837085127830505
[2025-12-03 19:29:18.385] /avatar/parameters/VelocityZ -> 0.3177618384361267
[2025-12-03 19:29:18.391] /avatar/parameters/VelocityZ -> 0.2571568489074707
[2025-12-03 19:29:18.397] /avatar/parameters/VelocityZ -> 0.19654685258865356
[2025-12-03 19:29:18.403] /avatar/parameters/VelocityZ -> 0.13594084978103638
[2025-12-03 19:29:18.409] /avatar/parameters/VelocityZ -> 0.0753338485956192
[2025-12-03 19:29:18.415] /avatar/parameters/VelocityZ -> 0.014726847410202026
[2025-12-03 19:29:18.421] /avatar/parameters/VelocityZ -> 0.0
[2025-12-03 19:29:24.564] /avatar/parameters/AngularY -> 8.0
[2025-12-03 19:29:24.636] /avatar/parameters/AngularY -> 0.0
